Log file open, 05/27/20 09:01:57
LogWindows: Failed to load 'aqProf.dll' (GetLastError=126)
LogWindows: File 'aqProf.dll' does not exist
LogWindows: Failed to load 'VtuneApi.dll' (GetLastError=126)
LogWindows: File 'VtuneApi.dll' does not exist
LogWindows: Failed to load 'VtuneApi32e.dll' (GetLastError=126)
LogWindows: File 'VtuneApi32e.dll' does not exist
LogConsoleResponse: Display: Failed to find resolution value strings in scalability ini. Falling back to default.
LogInit: Display: Running engine for game: MatrixUnrealEngine
LogPlatformFile: Not using cached read wrapper
LogTaskGraph: Started task graph with 5 named threads and 23 total threads with 3 sets of task threads.
LogStats: Stats thread started at 0.124416
LogD3D11RHI: Loaded GFSDK_Aftermath_Lib.x64.dll
LogICUInternationalization: ICU TimeZone Detection - Raw Offset: +3:00, Platform Override: ''
LogPluginManager: Mounting plugin Paper2D
LogPluginManager: Mounting plugin AISupport
LogPluginManager: Mounting plugin LightPropagationVolume
LogPluginManager: Mounting plugin ActorLayerUtilities
LogPluginManager: Mounting plugin AnimationSharing
LogPluginManager: Mounting plugin CLionSourceCodeAccess
LogPluginManager: Mounting plugin CodeLiteSourceCodeAccess
LogPluginManager: Mounting plugin GitSourceControl
LogPluginManager: Mounting plugin KDevelopSourceCodeAccess
LogPluginManager: Mounting plugin NullSourceCodeAccess
LogPluginManager: Mounting plugin PerforceSourceControl
LogPluginManager: Mounting plugin PlasticSourceControl
LogPluginManager: Mounting plugin SubversionSourceControl
LogPluginManager: Mounting plugin UObjectPlugin
LogPluginManager: Mounting plugin VisualStudioCodeSourceCodeAccess
LogPluginManager: Mounting plugin VisualStudioSourceCodeAccess
LogPluginManager: Mounting plugin XCodeSourceCodeAccess
LogPluginManager: Mounting plugin AssetManagerEditor
LogPluginManager: Mounting plugin CryptoKeys
LogPluginManager: Mounting plugin CurveEditorTools
LogPluginManager: Mounting plugin DataValidation
LogPluginManager: Mounting plugin FacialAnimation
LogPluginManager: Mounting plugin GameplayTagsEditor
LogPluginManager: Mounting plugin MacGraphicsSwitching
LogPluginManager: Mounting plugin MaterialAnalyzer
LogPluginManager: Mounting plugin MobileLauncherProfileWizard
LogPluginManager: Mounting plugin PluginBrowser
LogPluginManager: Mounting plugin SpeedTreeImporter
LogPluginManager: Mounting plugin DatasmithContent
LogPluginManager: Mounting plugin VariantManagerContent
LogPluginManager: Mounting plugin AlembicImporter
LogPluginManager: Mounting plugin AutomationUtils
LogPluginManager: Mounting plugin BackChannel
LogPluginManager: Mounting plugin CharacterAI
LogPluginManager: Mounting plugin GeometryCache
LogPluginManager: Mounting plugin PlatformCrypto
LogPluginManager: Mounting plugin ProxyLODPlugin
LogPluginManager: Mounting plugin SkeletalReduction
LogPluginManager: Mounting plugin MagicLeap
LogPluginManager: Mounting plugin MagicLeapMedia
LogPluginManager: Mounting plugin MLSDK
LogPluginManager: Mounting plugin AndroidMedia
LogPluginManager: Mounting plugin AvfMedia
LogPluginManager: Mounting plugin ImgMedia
LogPluginManager: Mounting plugin MediaCompositing
LogPluginManager: Mounting plugin MediaPlayerEditor
LogPluginManager: Mounting plugin WebMMedia
LogPluginManager: Mounting plugin WmfMedia
LogPluginManager: Mounting plugin TcpMessaging
LogPluginManager: Mounting plugin UdpMessaging
LogPluginManager: Mounting plugin ActorSequence
LogPluginManager: Mounting plugin LevelSequenceEditor
LogPluginManager: Mounting plugin MatineeToLevelSequence
LogPluginManager: Mounting plugin NetcodeUnitTest
LogPluginManager: Mounting plugin NUTUnrealEngine4
LogPluginManager: Mounting plugin OnlineSubsystemGooglePlay
LogPluginManager: Mounting plugin OnlineSubsystemIOS
LogPluginManager: Mounting plugin OnlineSubsystem
LogPluginManager: Mounting plugin OnlineSubsystemNull
LogPluginManager: Mounting plugin OnlineSubsystemUtils
LogPluginManager: Mounting plugin LauncherChunkInstaller
LogPluginManager: Mounting plugin AndroidDeviceProfileSelector
LogPluginManager: Mounting plugin AndroidMoviePlayer
LogPluginManager: Mounting plugin AndroidPermission
LogPluginManager: Mounting plugin AppleImageUtils
LogPluginManager: Mounting plugin AppleMoviePlayer
LogPluginManager: Mounting plugin ArchVisCharacter
LogPluginManager: Mounting plugin AssetTags
LogPluginManager: Mounting plugin AudioCapture
LogPluginManager: Mounting plugin CableComponent
LogPluginManager: Mounting plugin CustomMeshComponent
LogPluginManager: Mounting plugin EditableMesh
LogPluginManager: Mounting plugin ExampleDeviceProfileSelector
LogPluginManager: Mounting plugin GoogleCloudMessaging
LogPluginManager: Mounting plugin IOSDeviceProfileSelector
LogPluginManager: Mounting plugin LinuxDeviceProfileSelector
LogPluginManager: Mounting plugin LocationServicesBPLibrary
LogPluginManager: Mounting plugin MobilePatchingUtils
LogPluginManager: Mounting plugin OculusVR
LogPluginManager: Mounting plugin PhysXVehicles
LogPluginManager: Mounting plugin PostSplashScreen
LogPluginManager: Mounting plugin ProceduralMeshComponent
LogPluginManager: Mounting plugin RuntimePhysXCooking
LogPluginManager: Mounting plugin SignificanceManager
LogPluginManager: Mounting plugin SteamVR
LogPluginManager: Mounting plugin WebMMoviePlayer
LogPluginManager: Mounting plugin WindowsMoviePlayer
LogPluginManager: Mounting plugin ScreenshotTools
LogInit: Using libcurl 7.55.1-DEV
LogInit:  - built for x86_64-pc-win32
LogInit:  - supports SSL with OpenSSL/1.1.1
LogInit:  - supports HTTP deflate (compression) using libz 1.2.8
LogInit:  - other features:
LogInit:      CURL_VERSION_SSL
LogInit:      CURL_VERSION_LIBZ
LogInit:      CURL_VERSION_IPV6
LogInit:      CURL_VERSION_ASYNCHDNS
LogInit:      CURL_VERSION_LARGEFILE
LogInit:      CURL_VERSION_IDN
LogInit:  CurlRequestOptions (configurable via config and command line):
LogInit:  - bVerifyPeer = true  - Libcurl will verify peer certificate
LogInit:  - bUseHttpProxy = false  - Libcurl will NOT use HTTP proxy
LogInit:  - bDontReuseConnections = false  - Libcurl will reuse connections
LogInit:  - MaxHostConnections = 16  - Libcurl will limit the number of connections to a host
LogInit:  - LocalHostAddr = Default
LogInit:  - BufferSize = 65536
LogOnline: OSS: Creating online subsystem instance for: NULL
LogInit: WinSock: version 1.1 (2.2), MaxSocks=32767, MaxUdp=65467
LogOnline: OSS: TryLoadSubsystemAndSetDefault: Loaded subsystem for module [NULL]
LogInit: Build: ++UE4+Release-4.24-CL-11590370
LogInit: Engine Version: 4.24.3-11590370+++UE4+Release-4.24
LogInit: Compatible Engine Version: 4.24.0-10570792+++UE4+Release-4.24
LogInit: Net CL: 10570792
LogInit: OS: Windows 10 (Release 1809) (), CPU: Intel(R) Core(TM) i7-8550U CPU @ 1.80GHz, GPU: Intel(R) UHD Graphics 620
LogInit: Compiled (64-bit): Feb 24 2020 15:39:18
LogInit: Compiled with Visual C++: 19.16.27032.01
LogInit: Build Configuration: Development
LogInit: Branch Name: ++UE4+Release-4.24
LogInit: Command Line: 
LogInit: Base Directory: C:/Program Files/Epic Games/UE_4.24/Engine/Binaries/Win64/
LogInit: Installed Engine Build: 1
LogDevObjectVersion: Number of dev versions registered: 25
LogDevObjectVersion:   Dev-Blueprints (B0D832E4-1F89-4F0D-ACCF-7EB736FD4AA2): 10
LogDevObjectVersion:   Dev-Build (E1C64328-A22C-4D53-A36C-8E866417BD8C): 0
LogDevObjectVersion:   Dev-Core (375EC13C-06E4-48FB-B500-84F0262A717E): 3
LogDevObjectVersion:   Dev-Editor (E4B068ED-F494-42E9-A231-DA0B2E46BB41): 37
LogDevObjectVersion:   Dev-Framework (CFFC743F-43B0-4480-9391-14DF171D2073): 36
LogDevObjectVersion:   Dev-Mobile (B02B49B5-BB20-44E9-A304-32B752E40360): 2
LogDevObjectVersion:   Dev-Networking (A4E4105C-59A1-49B5-A7C5-40C4547EDFEE): 0
LogDevObjectVersion:   Dev-Online (39C831C9-5AE6-47DC-9A44-9C173E1C8E7C): 0
LogDevObjectVersion:   Dev-Physics (78F01B33-EBEA-4F98-B9B4-84EACCB95AA2): 2
LogDevObjectVersion:   Dev-Platform (6631380F-2D4D-43E0-8009-CF276956A95A): 0
LogDevObjectVersion:   Dev-Rendering (12F88B9F-8875-4AFC-A67C-D90C383ABD29): 36
LogDevObjectVersion:   Dev-Sequencer (7B5AE74C-D270-4C10-A958-57980B212A5A): 11
LogDevObjectVersion:   Dev-VR (D7296918-1DD6-4BDD-9DE2-64A83CC13884): 2
LogDevObjectVersion:   Dev-LoadTimes (C2A15278-BFE7-4AFE-6C17-90FF531DF755): 1
LogDevObjectVersion:   Private-Geometry (6EACA3D4-40EC-4CC1-B786-8BED09428FC5): 3
LogDevObjectVersion:   Dev-AnimPhys (29E575DD-E0A3-4627-9D10-D276232CDCEA): 17
LogDevObjectVersion:   Dev-Anim (AF43A65D-7FD3-4947-9873-3E8ED9C1BB05): 2
LogDevObjectVersion:   Dev-ReflectionCapture (6B266CEC-1EC7-4B8F-A30B-E4D90942FC07): 1
LogDevObjectVersion:   Dev-Automation (0DF73D61-A23F-47EA-B727-89E90C41499A): 1
LogDevObjectVersion:   FortniteMain (601D1886-AC64-4F84-AA16-D3DE0DEAC7D6): 31
LogDevObjectVersion:   Dev-Enterprise (9DFFBCD6-494F-0158-E221-12823C92A888): 8
LogDevObjectVersion:   Dev-Niagara (F2AED0AC-9AFE-416F-8664-AA7FFA26D6FC): 1
LogDevObjectVersion:   Dev-Destruction (174F1F0B-B4C6-45A5-B13F-2EE8D0FB917D): 9
LogDevObjectVersion:   Dev-Physics-Ext (35F94A83-E258-406C-A318-09F59610247C): 8
LogDevObjectVersion:   Dev-CineCamera (B2E18506-4273-CFC2-A54E-F4BB758BBA07): 1
LogInit: Presizing for max 25165824 objects, including 0 objects not considered by GC, pre-allocating 0 bytes for permanent pool.
LogInit: Object subsystem initialized
LogConfig: Setting CVar [[con.DebugEarlyDefault:1]]
LogConfig: Setting CVar [[r.setres:1280x720]]
[2020.05.27-06.01.57:758][  0]LogConfig: Setting CVar [[r.VSync:0]]
[2020.05.27-06.01.57:758][  0]LogConfig: Setting CVar [[r.RHICmdBypass:0]]
[2020.05.27-06.01.57:758][  0]LogConfig: Applying CVar settings from Section [/Script/Engine.RendererSettings] File [C:/Users/Pavel/Documents/Unreal Projects/MatrixUnrealEngine/Saved/Config/Windows/Engine.ini]
[2020.05.27-06.01.57:758][  0]LogConfig: Setting CVar [[r.GPUCrashDebugging:0]]
[2020.05.27-06.01.57:758][  0]LogConfig: Applying CVar settings from Section [/Script/Engine.RendererOverrideSettings] File [C:/Users/Pavel/Documents/Unreal Projects/MatrixUnrealEngine/Saved/Config/Windows/Engine.ini]
[2020.05.27-06.01.57:758][  0]LogConfig: Applying CVar settings from Section [/Script/Engine.StreamingSettings] File [C:/Users/Pavel/Documents/Unreal Projects/MatrixUnrealEngine/Saved/Config/Windows/Engine.ini]
[2020.05.27-06.01.57:758][  0]LogConfig: Setting CVar [[s.MinBulkDataSizeForAsyncLoading:131072]]
[2020.05.27-06.01.57:758][  0]LogConfig: Setting CVar [[s.AsyncLoadingThreadEnabled:0]]
[2020.05.27-06.01.57:758][  0]LogConfig: Setting CVar [[s.EventDrivenLoaderEnabled:1]]
[2020.05.27-06.01.57:758][  0]LogConfig: Setting CVar [[s.WarnIfTimeLimitExceeded:0]]
[2020.05.27-06.01.57:758][  0]LogConfig: Setting CVar [[s.TimeLimitExceededMultiplier:1.5]]
[2020.05.27-06.01.57:758][  0]LogConfig: Setting CVar [[s.TimeLimitExceededMinTime:0.005]]
[2020.05.27-06.01.57:758][  0]LogConfig: Setting CVar [[s.UseBackgroundLevelStreaming:1]]
[2020.05.27-06.01.57:758][  0]LogConfig: Setting CVar [[s.PriorityAsyncLoadingExtraTime:15.0]]
[2020.05.27-06.01.57:758][  0]LogConfig: Setting CVar [[s.LevelStreamingActorsUpdateTimeLimit:5.0]]
[2020.05.27-06.01.57:758][  0]LogConfig: Setting CVar [[s.PriorityLevelStreamingActorsUpdateExtraTime:5.0]]
[2020.05.27-06.01.57:758][  0]LogConfig: Setting CVar [[s.LevelStreamingComponentsRegistrationGranularity:10]]
[2020.05.27-06.01.57:758][  0]LogConfig: Setting CVar [[s.UnregisterComponentsTimeLimit:1.0]]
[2020.05.27-06.01.57:758][  0]LogConfig: Setting CVar [[s.LevelStreamingComponentsUnregistrationGranularity:5]]
[2020.05.27-06.01.57:758][  0]LogConfig: Setting CVar [[s.FlushStreamingOnExit:1]]
[2020.05.27-06.01.57:758][  0]LogConfig: Applying CVar settings from Section [/Script/Engine.GarbageCollectionSettings] File [C:/Users/Pavel/Documents/Unreal Projects/MatrixUnrealEngine/Saved/Config/Windows/Engine.ini]
[2020.05.27-06.01.57:758][  0]LogConfig: Setting CVar [[gc.MaxObjectsNotConsideredByGC:1]]
[2020.05.27-06.01.57:758][  0]LogConfig: Setting CVar [[gc.SizeOfPermanentObjectPool:0]]
[2020.05.27-06.01.57:758][  0]LogConfig: Setting CVar [[gc.FlushStreamingOnGC:0]]
[2020.05.27-06.01.57:758][  0]LogConfig: Setting CVar [[gc.NumRetriesBeforeForcingGC:10]]
[2020.05.27-06.01.57:758][  0]LogConfig: Setting CVar [[gc.AllowParallelGC:1]]
[2020.05.27-06.01.57:758][  0]LogConfig: Setting CVar [[gc.TimeBetweenPurgingPendingKillObjects:61.1]]
[2020.05.27-06.01.57:758][  0]LogConfig: Setting CVar [[gc.MaxObjectsInEditor:25165824]]
[2020.05.27-06.01.57:758][  0]LogConfig: Setting CVar [[gc.IncrementalBeginDestroyEnabled:1]]
[2020.05.27-06.01.57:758][  0]LogConfig: Setting CVar [[gc.CreateGCClusters:1]]
[2020.05.27-06.01.57:758][  0]LogConfig: Setting CVar [[gc.MinGCClusterSize:5]]
[2020.05.27-06.01.57:758][  0]LogConfig: Setting CVar [[gc.ActorClusteringEnabled:0]]
[2020.05.27-06.01.57:758][  0]LogConfig: Setting CVar [[gc.BlueprintClusteringEnabled:0]]
[2020.05.27-06.01.57:758][  0]LogConfig: Setting CVar [[gc.UseDisregardForGCOnDedicatedServers:0]]
[2020.05.27-06.01.57:758][  0]LogConfig: Applying CVar settings from Section [/Script/Engine.NetworkSettings] File [C:/Users/Pavel/Documents/Unreal Projects/MatrixUnrealEngine/Saved/Config/Windows/Engine.ini]
[2020.05.27-06.01.57:758][  0]LogConfig: Applying CVar settings from Section [/Script/UnrealEd.CookerSettings] File [C:/Users/Pavel/Documents/Unreal Projects/MatrixUnrealEngine/Saved/Config/Windows/Engine.ini]
[2020.05.27-06.01.57:761][  0]LogConfig: Applying CVar settings from Section [ViewDistanceQuality@3] File [C:/Users/Pavel/Documents/Unreal Projects/MatrixUnrealEngine/Saved/Config/Windows/Scalability.ini]
[2020.05.27-06.01.57:761][  0]LogConfig: Setting CVar [[r.SkeletalMeshLODBias:0]]
[2020.05.27-06.01.57:761][  0]LogConfig: Setting CVar [[r.ViewDistanceScale:1.0]]
[2020.05.27-06.01.57:761][  0]LogConfig: Applying CVar settings from Section [AntiAliasingQuality@3] File [C:/Users/Pavel/Documents/Unreal Projects/MatrixUnrealEngine/Saved/Config/Windows/Scalability.ini]
[2020.05.27-06.01.57:761][  0]LogConfig: Setting CVar [[r.PostProcessAAQuality:4]]
[2020.05.27-06.01.57:761][  0]LogConfig: Applying CVar settings from Section [ShadowQuality@3] File [C:/Users/Pavel/Documents/Unreal Projects/MatrixUnrealEngine/Saved/Config/Windows/Scalability.ini]
[2020.05.27-06.01.57:761][  0]LogConfig: Setting CVar [[r.LightFunctionQuality:1]]
[2020.05.27-06.01.57:761][  0]LogConfig: Setting CVar [[r.ShadowQuality:5]]
[2020.05.27-06.01.57:761][  0]LogConfig: Setting CVar [[r.Shadow.CSM.MaxCascades:10]]
[2020.05.27-06.01.57:761][  0]LogConfig: Setting CVar [[r.Shadow.MaxResolution:2048]]
[2020.05.27-06.01.57:761][  0]LogConfig: Setting CVar [[r.Shadow.MaxCSMResolution:2048]]
[2020.05.27-06.01.57:761][  0]LogConfig: Setting CVar [[r.Shadow.RadiusThreshold:0.01]]
[2020.05.27-06.01.57:761][  0]LogConfig: Setting CVar [[r.Shadow.DistanceScale:1.0]]
[2020.05.27-06.01.57:761][  0]LogConfig: Setting CVar [[r.Shadow.CSM.TransitionScale:1.0]]
[2020.05.27-06.01.57:761][  0]LogConfig: Setting CVar [[r.Shadow.PreShadowResolutionFactor:1.0]]
[2020.05.27-06.01.57:761][  0]LogConfig: Setting CVar [[r.DistanceFieldShadowing:1]]
[2020.05.27-06.01.57:761][  0]LogConfig: Setting CVar [[r.DistanceFieldAO:1]]
[2020.05.27-06.01.57:761][  0]LogConfig: Setting CVar [[r.AOQuality:2]]
[2020.05.27-06.01.57:761][  0]LogConfig: Setting CVar [[r.VolumetricFog:1]]
[2020.05.27-06.01.57:761][  0]LogConfig: Setting CVar [[r.VolumetricFog.GridPixelSize:8]]
[2020.05.27-06.01.57:761][  0]LogConfig: Setting CVar [[r.VolumetricFog.GridSizeZ:128]]
[2020.05.27-06.01.57:761][  0]LogConfig: Setting CVar [[r.VolumetricFog.HistoryMissSupersampleCount:4]]
[2020.05.27-06.01.57:761][  0]LogConfig: Setting CVar [[r.LightMaxDrawDistanceScale:1]]
[2020.05.27-06.01.57:761][  0]LogConfig: Setting CVar [[r.CapsuleShadows:1]]
[2020.05.27-06.01.57:761][  0]LogConfig: Applying CVar settings from Section [PostProcessQuality@3] File [C:/Users/Pavel/Documents/Unreal Projects/MatrixUnrealEngine/Saved/Config/Windows/Scalability.ini]
[2020.05.27-06.01.57:761][  0]LogConfig: Setting CVar [[r.MotionBlurQuality:4]]
[2020.05.27-06.01.57:761][  0]LogConfig: Setting CVar [[r.AmbientOcclusionMipLevelFactor:0.4]]
[2020.05.27-06.01.57:761][  0]LogConfig: Setting CVar [[r.AmbientOcclusionMaxQuality:100]]
[2020.05.27-06.01.57:762][  0]LogConfig: Setting CVar [[r.AmbientOcclusionLevels:-1]]
[2020.05.27-06.01.57:762][  0]LogConfig: Setting CVar [[r.AmbientOcclusionRadiusScale:1.0]]
[2020.05.27-06.01.57:762][  0]LogConfig: Setting CVar [[r.DepthOfFieldQuality:2]]
[2020.05.27-06.01.57:762][  0]LogConfig: Setting CVar [[r.RenderTargetPoolMin:400]]
[2020.05.27-06.01.57:762][  0]LogConfig: Setting CVar [[r.LensFlareQuality:2]]
[2020.05.27-06.01.57:762][  0]LogConfig: Setting CVar [[r.SceneColorFringeQuality:1]]
[2020.05.27-06.01.57:762][  0]LogConfig: Setting CVar [[r.EyeAdaptationQuality:2]]
[2020.05.27-06.01.57:762][  0]LogConfig: Setting CVar [[r.BloomQuality:5]]
[2020.05.27-06.01.57:762][  0]LogConfig: Setting CVar [[r.FastBlurThreshold:100]]
[2020.05.27-06.01.57:762][  0]LogConfig: Setting CVar [[r.Upscale.Quality:3]]
[2020.05.27-06.01.57:762][  0]LogConfig: Setting CVar [[r.Tonemapper.GrainQuantization:1]]
[2020.05.27-06.01.57:762][  0]LogConfig: Setting CVar [[r.LightShaftQuality:1]]
[2020.05.27-06.01.57:762][  0]LogConfig: Setting CVar [[r.Filter.SizeScale:1]]
[2020.05.27-06.01.57:762][  0]LogConfig: Setting CVar [[r.Tonemapper.Quality:5]]
[2020.05.27-06.01.57:762][  0]LogConfig: Setting CVar [[r.DOF.Gather.AccumulatorQuality:1        ; higher gathering accumulator quality]]
[2020.05.27-06.01.57:762][  0]LogConfig: Setting CVar [[r.DOF.Gather.PostfilterMethod:1          ; Median3x3 postfilering method]]
[2020.05.27-06.01.57:762][  0]LogConfig: Setting CVar [[r.DOF.Gather.EnableBokehSettings:0       ; no bokeh simulation when gathering]]
[2020.05.27-06.01.57:762][  0]LogConfig: Setting CVar [[r.DOF.Gather.RingCount:4                 ; medium number of samples when gathering]]
[2020.05.27-06.01.57:762][  0]LogConfig: Setting CVar [[r.DOF.Scatter.ForegroundCompositing:1    ; additive foreground scattering]]
[2020.05.27-06.01.57:762][  0]LogConfig: Setting CVar [[r.DOF.Scatter.BackgroundCompositing:2    ; additive background scattering]]
[2020.05.27-06.01.57:762][  0]LogConfig: Setting CVar [[r.DOF.Scatter.EnableBokehSettings:1      ; bokeh simulation when scattering]]
[2020.05.27-06.01.57:762][  0]LogConfig: Setting CVar [[r.DOF.Scatter.MaxSpriteRatio:0.1         ; only a maximum of 10% of scattered bokeh]]
[2020.05.27-06.01.57:762][  0]LogConfig: Setting CVar [[r.DOF.Recombine.Quality:1                ; cheap slight out of focus]]
[2020.05.27-06.01.57:762][  0]LogConfig: Setting CVar [[r.DOF.Recombine.EnableBokehSettings:0    ; no bokeh simulation on slight out of focus]]
[2020.05.27-06.01.57:762][  0]LogConfig: Setting CVar [[r.DOF.TemporalAAQuality:1                ; more stable temporal accumulation]]
[2020.05.27-06.01.57:762][  0]LogConfig: Setting CVar [[r.DOF.Kernel.MaxForegroundRadius:0.025]]
[2020.05.27-06.01.57:762][  0]LogConfig: Setting CVar [[r.DOF.Kernel.MaxBackgroundRadius:0.025]]
[2020.05.27-06.01.57:762][  0]LogConfig: Applying CVar settings from Section [TextureQuality@3] File [C:/Users/Pavel/Documents/Unreal Projects/MatrixUnrealEngine/Saved/Config/Windows/Scalability.ini]
[2020.05.27-06.01.57:762][  0]LogConfig: Setting CVar [[r.Streaming.MipBias:0]]
[2020.05.27-06.01.57:762][  0]LogConfig: Setting CVar [[r.Streaming.AmortizeCPUToGPUCopy:0]]
[2020.05.27-06.01.57:762][  0]LogConfig: Setting CVar [[r.Streaming.MaxNumTexturesToStreamPerFrame:0]]
[2020.05.27-06.01.57:762][  0]LogConfig: Setting CVar [[r.Streaming.Boost:1]]
[2020.05.27-06.01.57:762][  0]LogConfig: Setting CVar [[r.MaxAnisotropy:8]]
[2020.05.27-06.01.57:762][  0]LogConfig: Setting CVar [[r.VT.MaxAnisotropy:8]]
[2020.05.27-06.01.57:762][  0]LogConfig: Setting CVar [[r.Streaming.LimitPoolSizeToVRAM:0]]
[2020.05.27-06.01.57:762][  0]LogConfig: Setting CVar [[r.Streaming.PoolSize:1000]]
[2020.05.27-06.01.57:762][  0]LogConfig: Setting CVar [[r.Streaming.MaxEffectiveScreenSize:0]]
[2020.05.27-06.01.57:762][  0]LogConfig: Applying CVar settings from Section [EffectsQuality@3] File [C:/Users/Pavel/Documents/Unreal Projects/MatrixUnrealEngine/Saved/Config/Windows/Scalability.ini]
[2020.05.27-06.01.57:762][  0]LogConfig: Setting CVar [[r.TranslucencyLightingVolumeDim:64]]
[2020.05.27-06.01.57:762][  0]LogConfig: Setting CVar [[r.RefractionQuality:2]]
[2020.05.27-06.01.57:762][  0]LogConfig: Setting CVar [[r.SSR.Quality:3]]
[2020.05.27-06.01.57:762][  0]LogConfig: Setting CVar [[r.SSR.HalfResSceneColor:0]]
[2020.05.27-06.01.57:762][  0]LogConfig: Setting CVar [[r.SceneColorFormat:4]]
[2020.05.27-06.01.57:762][  0]LogConfig: Setting CVar [[r.DetailMode:2]]
[2020.05.27-06.01.57:762][  0]LogConfig: Setting CVar [[r.TranslucencyVolumeBlur:1]]
[2020.05.27-06.01.57:762][  0]LogConfig: Setting CVar [[r.MaterialQualityLevel:1 ; High quality]]
[2020.05.27-06.01.57:762][  0]LogConfig: Setting CVar [[r.SSS.Scale:1]]
[2020.05.27-06.01.57:762][  0]LogConfig: Setting CVar [[r.SSS.SampleSet:2]]
[2020.05.27-06.01.57:762][  0]LogConfig: Setting CVar [[r.SSS.Quality:1]]
[2020.05.27-06.01.57:762][  0]LogConfig: Setting CVar [[r.SSS.HalfRes:1]]
[2020.05.27-06.01.57:762][  0]LogConfig: Setting CVar [[r.SSGI.Quality:3]]
[2020.05.27-06.01.57:762][  0]LogConfig: Setting CVar [[r.EmitterSpawnRateScale:1.0]]
[2020.05.27-06.01.57:762][  0]LogConfig: Setting CVar [[r.ParticleLightQuality:2]]
[2020.05.27-06.01.57:762][  0]LogConfig: Setting CVar [[r.SkyAtmosphere.AerialPerspectiveLUT.FastApplyOnOpaque:1 ; Always have FastSkyLUT 1 in this case to avoid wrong sky]]
[2020.05.27-06.01.57:762][  0]LogConfig: Setting CVar [[r.SkyAtmosphere.AerialPerspectiveLUT.SampleCountPerSlice:1]]
[2020.05.27-06.01.57:762][  0]LogConfig: Setting CVar [[r.SkyAtmosphere.AerialPerspectiveLUT.DepthResolution:16.0]]
[2020.05.27-06.01.57:762][  0]LogConfig: Setting CVar [[r.SkyAtmosphere.FastSkyLUT:1]]
[2020.05.27-06.01.57:763][  0]LogConfig: Setting CVar [[r.SkyAtmosphere.FastSkyLUT.SampleCountMin:4.0]]
[2020.05.27-06.01.57:763][  0]LogConfig: Setting CVar [[r.SkyAtmosphere.FastSkyLUT.SampleCountMax:32.0]]
[2020.05.27-06.01.57:763][  0]LogConfig: Setting CVar [[r.SkyAtmosphere.SampleCountMin:4.0]]
[2020.05.27-06.01.57:763][  0]LogConfig: Setting CVar [[r.SkyAtmosphere.SampleCountMax:32.0]]
[2020.05.27-06.01.57:763][  0]LogConfig: Setting CVar [[r.SkyAtmosphere.TransmittanceLUT.UseSmallFormat:0]]
[2020.05.27-06.01.57:763][  0]LogConfig: Setting CVar [[r.SkyAtmosphere.TransmittanceLUT.SampleCount:10.0]]
[2020.05.27-06.01.57:763][  0]LogConfig: Setting CVar [[r.SkyAtmosphere.MultiScatteringLUT.SampleCount:15.0]]
[2020.05.27-06.01.57:763][  0]LogConfig: Applying CVar settings from Section [FoliageQuality@3] File [C:/Users/Pavel/Documents/Unreal Projects/MatrixUnrealEngine/Saved/Config/Windows/Scalability.ini]
[2020.05.27-06.01.57:763][  0]LogConfig: Setting CVar [[foliage.DensityScale:1.0]]
[2020.05.27-06.01.57:763][  0]LogConfig: Setting CVar [[grass.DensityScale:1.0]]
[2020.05.27-06.01.57:763][  0]LogConfig: Applying CVar settings from Section [ShadingQuality@3] File [C:/Users/Pavel/Documents/Unreal Projects/MatrixUnrealEngine/Saved/Config/Windows/Scalability.ini]
[2020.05.27-06.01.57:763][  0]LogConfig: Setting CVar [[r.HairStrands.SkyLighting.SampleCount:16]]
[2020.05.27-06.01.57:763][  0]LogConfig: Setting CVar [[r.HairStrands.SkyLighting.JitterIntegration:0]]
[2020.05.27-06.01.57:763][  0]LogConfig: Setting CVar [[r.HairStrands.SkyAO.SampleCount:16]]
[2020.05.27-06.01.57:763][  0]LogInit: Selected Device Profile: [Windows]
[2020.05.27-06.01.57:763][  0]LogInit: Applying CVar settings loaded from the selected device profile: [Windows]
[2020.05.27-06.01.57:766][  0]LogHAL: Display: Platform has ~ 8 GB [8474996736 / 8589934592 / 8], which maps to Default [LargestMinGB=32, LargerMinGB=12, DefaultMinGB=8, SmallerMinGB=6, SmallestMinGB=0)
[2020.05.27-06.01.57:766][  0]LogInit: Going up to parent DeviceProfile []
[2020.05.27-06.01.57:766][  0]LogConfig: Applying CVar settings from Section [ViewDistanceQuality@0] File [C:/Users/Pavel/Documents/Unreal Projects/MatrixUnrealEngine/Saved/Config/Windows/Scalability.ini]
[2020.05.27-06.01.57:766][  0]LogConfig: Setting CVar [[r.SkeletalMeshLODBias:2]]
[2020.05.27-06.01.57:766][  0]LogConfig: Setting CVar [[r.ViewDistanceScale:0.4]]
[2020.05.27-06.01.57:766][  0]LogConfig: Applying CVar settings from Section [AntiAliasingQuality@2] File [C:/Users/Pavel/Documents/Unreal Projects/MatrixUnrealEngine/Saved/Config/Windows/Scalability.ini]
[2020.05.27-06.01.57:766][  0]LogConfig: Setting CVar [[r.PostProcessAAQuality:3]]
[2020.05.27-06.01.57:767][  0]LogConfig: Applying CVar settings from Section [ShadowQuality@0] File [C:/Users/Pavel/Documents/Unreal Projects/MatrixUnrealEngine/Saved/Config/Windows/Scalability.ini]
[2020.05.27-06.01.57:767][  0]LogConfig: Setting CVar [[r.LightFunctionQuality:0]]
[2020.05.27-06.01.57:767][  0]LogConfig: Setting CVar [[r.ShadowQuality:0]]
[2020.05.27-06.01.57:767][  0]LogConfig: Setting CVar [[r.Shadow.CSM.MaxCascades:1]]
[2020.05.27-06.01.57:767][  0]LogConfig: Setting CVar [[r.Shadow.MaxResolution:512]]
[2020.05.27-06.01.57:767][  0]LogConfig: Setting CVar [[r.Shadow.MaxCSMResolution:512]]
[2020.05.27-06.01.57:767][  0]LogConfig: Setting CVar [[r.Shadow.RadiusThreshold:0.06]]
[2020.05.27-06.01.57:767][  0]LogConfig: Setting CVar [[r.Shadow.DistanceScale:0.6]]
[2020.05.27-06.01.57:767][  0]LogConfig: Setting CVar [[r.Shadow.CSM.TransitionScale:0]]
[2020.05.27-06.01.57:767][  0]LogConfig: Setting CVar [[r.Shadow.PreShadowResolutionFactor:0.5]]
[2020.05.27-06.01.57:767][  0]LogConfig: Setting CVar [[r.DistanceFieldShadowing:0]]
[2020.05.27-06.01.57:767][  0]LogConfig: Setting CVar [[r.DistanceFieldAO:0]]
[2020.05.27-06.01.57:767][  0]LogConfig: Setting CVar [[r.VolumetricFog:0]]
[2020.05.27-06.01.57:767][  0]LogConfig: Setting CVar [[r.LightMaxDrawDistanceScale:0]]
[2020.05.27-06.01.57:767][  0]LogConfig: Setting CVar [[r.CapsuleShadows:0]]
[2020.05.27-06.01.57:767][  0]LogConfig: Applying CVar settings from Section [PostProcessQuality@0] File [C:/Users/Pavel/Documents/Unreal Projects/MatrixUnrealEngine/Saved/Config/Windows/Scalability.ini]
[2020.05.27-06.01.57:767][  0]LogConfig: Setting CVar [[r.MotionBlurQuality:0]]
[2020.05.27-06.01.57:767][  0]LogConfig: Setting CVar [[r.AmbientOcclusionMipLevelFactor:1.0]]
[2020.05.27-06.01.57:767][  0]LogConfig: Setting CVar [[r.AmbientOcclusionMaxQuality:0]]
[2020.05.27-06.01.57:767][  0]LogConfig: Setting CVar [[r.AmbientOcclusionLevels:0]]
[2020.05.27-06.01.57:767][  0]LogConfig: Setting CVar [[r.AmbientOcclusionRadiusScale:1.2]]
[2020.05.27-06.01.57:767][  0]LogConfig: Setting CVar [[r.DepthOfFieldQuality:0]]
[2020.05.27-06.01.57:767][  0]LogConfig: Setting CVar [[r.RenderTargetPoolMin:300]]
[2020.05.27-06.01.57:767][  0]LogConfig: Setting CVar [[r.LensFlareQuality:0]]
[2020.05.27-06.01.57:767][  0]LogConfig: Setting CVar [[r.SceneColorFringeQuality:0]]
[2020.05.27-06.01.57:767][  0]LogConfig: Setting CVar [[r.EyeAdaptationQuality:0]]
[2020.05.27-06.01.57:767][  0]LogConfig: Setting CVar [[r.BloomQuality:4]]
[2020.05.27-06.01.57:767][  0]LogConfig: Setting CVar [[r.FastBlurThreshold:0]]
[2020.05.27-06.01.57:767][  0]LogConfig: Setting CVar [[r.Upscale.Quality:1]]
[2020.05.27-06.01.57:767][  0]LogConfig: Setting CVar [[r.Tonemapper.GrainQuantization:0]]
[2020.05.27-06.01.57:767][  0]LogConfig: Setting CVar [[r.LightShaftQuality:0]]
[2020.05.27-06.01.57:767][  0]LogConfig: Setting CVar [[r.Filter.SizeScale:0.6]]
[2020.05.27-06.01.57:767][  0]LogConfig: Setting CVar [[r.Tonemapper.Quality:0]]
[2020.05.27-06.01.57:767][  0]LogConfig: Applying CVar settings from Section [TextureQuality@2] File [C:/Users/Pavel/Documents/Unreal Projects/MatrixUnrealEngine/Saved/Config/Windows/Scalability.ini]
[2020.05.27-06.01.57:767][  0]LogConfig: Setting CVar [[r.Streaming.MipBias:0]]
[2020.05.27-06.01.57:767][  0]LogConfig: Setting CVar [[r.Streaming.AmortizeCPUToGPUCopy:0]]
[2020.05.27-06.01.57:767][  0]LogConfig: Setting CVar [[r.Streaming.MaxNumTexturesToStreamPerFrame:0]]
[2020.05.27-06.01.57:767][  0]LogConfig: Setting CVar [[r.Streaming.Boost:1]]
[2020.05.27-06.01.57:767][  0]LogConfig: Setting CVar [[r.MaxAnisotropy:4]]
[2020.05.27-06.01.57:767][  0]LogConfig: Setting CVar [[r.VT.MaxAnisotropy:8]]
[2020.05.27-06.01.57:767][  0]LogConfig: Setting CVar [[r.Streaming.LimitPoolSizeToVRAM:1]]
[2020.05.27-06.01.57:767][  0]LogConfig: Setting CVar [[r.Streaming.PoolSize:800]]
[2020.05.27-06.01.57:767][  0]LogConfig: Setting CVar [[r.Streaming.MaxEffectiveScreenSize:0]]
[2020.05.27-06.01.57:767][  0]LogConfig: Applying CVar settings from Section [EffectsQuality@0] File [C:/Users/Pavel/Documents/Unreal Projects/MatrixUnrealEngine/Saved/Config/Windows/Scalability.ini]
[2020.05.27-06.01.57:767][  0]LogConfig: Setting CVar [[r.TranslucencyLightingVolumeDim:24]]
[2020.05.27-06.01.57:767][  0]LogConfig: Setting CVar [[r.RefractionQuality:0]]
[2020.05.27-06.01.57:767][  0]LogConfig: Setting CVar [[r.SSR.Quality:0]]
[2020.05.27-06.01.57:767][  0]LogConfig: Setting CVar [[r.SSR.HalfResSceneColor:1]]
[2020.05.27-06.01.57:767][  0]LogConfig: Setting CVar [[r.SceneColorFormat:3]]
[2020.05.27-06.01.57:767][  0]LogConfig: Setting CVar [[r.DetailMode:0]]
[2020.05.27-06.01.57:767][  0]LogConfig: Setting CVar [[r.TranslucencyVolumeBlur:0]]
[2020.05.27-06.01.57:767][  0]LogConfig: Setting CVar [[r.MaterialQualityLevel:0 ; Low quality]]
[2020.05.27-06.01.57:767][  0]LogConfig: Setting CVar [[r.SSS.Scale:0]]
[2020.05.27-06.01.57:767][  0]LogConfig: Setting CVar [[r.SSS.SampleSet:0]]
[2020.05.27-06.01.57:767][  0]LogConfig: Setting CVar [[r.SSS.Quality:0]]
[2020.05.27-06.01.57:767][  0]LogConfig: Setting CVar [[r.SSS.HalfRes:1]]
[2020.05.27-06.01.57:767][  0]LogConfig: Setting CVar [[r.SSGI.Quality:0]]
[2020.05.27-06.01.57:767][  0]LogConfig: Setting CVar [[r.EmitterSpawnRateScale:0.125]]
[2020.05.27-06.01.57:767][  0]LogConfig: Setting CVar [[r.ParticleLightQuality:0]]
[2020.05.27-06.01.57:767][  0]LogConfig: Setting CVar [[r.SkyAtmosphere.AerialPerspectiveLUT.FastApplyOnOpaque:1 ; Always have FastSkyLUT 1 in this case to avoid wrong sky]]
[2020.05.27-06.01.57:767][  0]LogConfig: Setting CVar [[r.SkyAtmosphere.AerialPerspectiveLUT.SampleCountPerSlice:1]]
[2020.05.27-06.01.57:767][  0]LogConfig: Setting CVar [[r.SkyAtmosphere.AerialPerspectiveLUT.DepthResolution:8.0]]
[2020.05.27-06.01.57:767][  0]LogConfig: Setting CVar [[r.SkyAtmosphere.FastSkyLUT:1]]
[2020.05.27-06.01.57:767][  0]LogConfig: Setting CVar [[r.SkyAtmosphere.FastSkyLUT.SampleCountMin:2.0]]
[2020.05.27-06.01.57:768][  0]LogConfig: Setting CVar [[r.SkyAtmosphere.FastSkyLUT.SampleCountMax:16.0]]
[2020.05.27-06.01.57:768][  0]LogConfig: Setting CVar [[r.SkyAtmosphere.SampleCountMin:2.0]]
[2020.05.27-06.01.57:768][  0]LogConfig: Setting CVar [[r.SkyAtmosphere.SampleCountMax:16.0]]
[2020.05.27-06.01.57:768][  0]LogConfig: Setting CVar [[r.SkyAtmosphere.TransmittanceLUT.UseSmallFormat:1]]
[2020.05.27-06.01.57:768][  0]LogConfig: Setting CVar [[r.SkyAtmosphere.TransmittanceLUT.SampleCount:10.0]]
[2020.05.27-06.01.57:768][  0]LogConfig: Setting CVar [[r.SkyAtmosphere.MultiScatteringLUT.SampleCount:15.0]]
[2020.05.27-06.01.57:768][  0]LogConfig: Applying CVar settings from Section [FoliageQuality@1] File [C:/Users/Pavel/Documents/Unreal Projects/MatrixUnrealEngine/Saved/Config/Windows/Scalability.ini]
[2020.05.27-06.01.57:768][  0]LogConfig: Setting CVar [[foliage.DensityScale:0.4]]
[2020.05.27-06.01.57:768][  0]LogConfig: Setting CVar [[grass.DensityScale:0.4]]
[2020.05.27-06.01.57:768][  0]LogConfig: Applying CVar settings from Section [ShadingQuality@0] File [C:/Users/Pavel/Documents/Unreal Projects/MatrixUnrealEngine/Saved/Config/Windows/Scalability.ini]
[2020.05.27-06.01.57:768][  0]LogConfig: Setting CVar [[r.HairStrands.SkyLighting.SampleCount:8]]
[2020.05.27-06.01.57:768][  0]LogConfig: Setting CVar [[r.HairStrands.SkyLighting.JitterIntegration:0]]
[2020.05.27-06.01.57:768][  0]LogConfig: Setting CVar [[r.HairStrands.SkyAO.SampleCount:8]]
[2020.05.27-06.01.57:768][  0]LogConfig: Applying CVar settings from Section [Startup] File [../../../Engine/Config/ConsoleVariables.ini]
[2020.05.27-06.01.57:768][  0]LogConfig: Setting CVar [[net.UseAdaptiveNetUpdateFrequency:0]]
[2020.05.27-06.01.57:768][  0]LogConfig: Setting CVar [[p.chaos.AllowCreatePhysxBodies:1]]
[2020.05.27-06.01.57:768][  0]LogConfig: Applying CVar settings from Section [ConsoleVariables] File [C:/Users/Pavel/Documents/Unreal Projects/MatrixUnrealEngine/Saved/Config/Windows/Engine.ini]
[2020.05.27-06.01.57:768][  0]LogInit: Computer: DESKTOP-E0Q7MOB
[2020.05.27-06.01.57:768][  0]LogInit: User: pavtiger
[2020.05.27-06.01.57:768][  0]LogInit: CPU Page size=4096, Cores=4
[2020.05.27-06.01.57:768][  0]LogInit: High frequency timer resolution =10.000000 MHz
[2020.05.27-06.01.57:768][  0]LogMemory: Memory total: Physical=7.9GB (8GB approx)
[2020.05.27-06.01.57:768][  0]LogMemory: Platform Memory Stats for Windows
[2020.05.27-06.01.57:768][  0]LogMemory: Process Physical Memory: 104.72 MB used, 104.73 MB peak
[2020.05.27-06.01.57:768][  0]LogMemory: Process Virtual Memory: 100.58 MB used, 100.58 MB peak
[2020.05.27-06.01.57:768][  0]LogMemory: Physical Memory: 4878.96 MB used,  3203.43 MB free, 8082.39 MB total
[2020.05.27-06.01.57:768][  0]LogMemory: Virtual Memory: 5152.19 MB used,  134212576.00 MB free, 134217728.00 MB total
[2020.05.27-06.01.57:772][  0]LogWindows: WindowsPlatformFeatures enabled
[2020.05.27-06.01.57:810][  0]LogInit: Using OS detected language (en-US).
[2020.05.27-06.01.57:810][  0]LogInit: Using OS detected locale (en-US).
[2020.05.27-06.01.57:811][  0]LogTextLocalizationManager: No specific localization for 'en-US' exists, so the 'en' localization will be used.
[2020.05.27-06.01.58:160][  0]LogInit: Setting process to per monitor DPI aware
[2020.05.27-06.01.58:196][  0]LogSlate: New Slate User Created.  User Index 0, Is Virtual User: 0
[2020.05.27-06.01.58:196][  0]LogSlate: Slate User Registered.  User Index 0, Is Virtual User: 0
[2020.05.27-06.01.58:551][  0]LogHMD: Failed to initialize OpenVR with code 110
[2020.05.27-06.01.58:551][  0]LogD3D11RHI: D3D11 min allowed feature level: 11_0
[2020.05.27-06.01.58:551][  0]LogD3D11RHI: D3D11 max allowed feature level: 11_0
[2020.05.27-06.01.58:551][  0]LogD3D11RHI: D3D11 adapters:
[2020.05.27-06.01.58:748][  0]LogD3D11RHI:    0. 'Intel(R) UHD Graphics 620' (Feature Level 11_0)
[2020.05.27-06.01.58:748][  0]LogD3D11RHI:       128/0/4041 MB DedicatedVideo/DedicatedSystem/SharedSystem, Outputs:1, VendorId:0x8086
[2020.05.27-06.01.58:758][  0]LogD3D11RHI:    1. 'Microsoft Basic Render Driver' (Feature Level 11_0)
[2020.05.27-06.01.58:758][  0]LogD3D11RHI:       0/0/4041 MB DedicatedVideo/DedicatedSystem/SharedSystem, Outputs:0, VendorId:0x1414
[2020.05.27-06.01.58:758][  0]LogD3D11RHI: Chosen D3D11 Adapter: 0
[2020.05.27-06.01.58:765][  0]LogD3D11RHI: Creating new Direct3DDevice
[2020.05.27-06.01.58:765][  0]LogD3D11RHI:     GPU DeviceId: 0x5917 (for the marketing name, search the web for "GPU Device Id")
[2020.05.27-06.01.58:765][  0]LogWindows: EnumDisplayDevices:
[2020.05.27-06.01.58:765][  0]LogWindows:    0. 'Intel(R) UHD Graphics 620' (P:1 D:1)
[2020.05.27-06.01.58:766][  0]LogWindows:    1. 'Intel(R) UHD Graphics 620' (P:0 D:0)
[2020.05.27-06.01.58:766][  0]LogWindows:    2. 'Intel(R) UHD Graphics 620' (P:0 D:0)
[2020.05.27-06.01.58:766][  0]LogWindows: DebugString: FoundDriverCount:3 
[2020.05.27-06.01.58:766][  0]LogD3D11RHI:     Adapter Name: Intel(R) UHD Graphics 620
[2020.05.27-06.01.58:766][  0]LogD3D11RHI:   Driver Version: 26.20.100.7810 (internal:26.20.100.7810, unified:26.20.100.7810)
[2020.05.27-06.01.58:766][  0]LogD3D11RHI:      Driver Date: 1-21-2020
[2020.05.27-06.01.58:766][  0]LogRHI: Texture pool is 1504 MB (70% of 2148 MB)
[2020.05.27-06.01.58:980][  0]LogD3D11RHI: RHI does not have support for 64 bit atomics
[2020.05.27-06.01.58:981][  0]LogD3D11RHI: [IntelMetricsDiscovery] Started
[2020.05.27-06.01.58:981][  0]LogD3D11RHI: Async texture creation enabled
[2020.05.27-06.01.58:988][  0]LogD3D11RHI: GPU Timing Frequency: 12.000048 (Debug: 2 0)
[2020.05.27-06.01.59:381][  0]LogTargetPlatformManager: Display: Loaded TargetPlatform 'AllDesktop'
[2020.05.27-06.01.59:426][  0]LogTargetPlatformManager: Display: Loaded TargetPlatform 'Android'
[2020.05.27-06.01.59:426][  0]LogTargetPlatformManager: Display: Loaded TargetPlatform 'Android_ASTC'
[2020.05.27-06.01.59:426][  0]LogTargetPlatformManager: Display: Loaded TargetPlatform 'Android_ATC'
[2020.05.27-06.01.59:426][  0]LogTargetPlatformManager: Display: Loaded TargetPlatform 'Android_DXT'
[2020.05.27-06.01.59:426][  0]LogTargetPlatformManager: Display: Loaded TargetPlatform 'Android_ETC1'
[2020.05.27-06.01.59:426][  0]LogTargetPlatformManager: Display: Loaded TargetPlatform 'Android_ETC1a'
[2020.05.27-06.01.59:426][  0]LogTargetPlatformManager: Display: Loaded TargetPlatform 'Android_ETC2'
[2020.05.27-06.01.59:426][  0]LogTargetPlatformManager: Display: Loaded TargetPlatform 'Android_PVRTC'
[2020.05.27-06.01.59:426][  0]LogTargetPlatformManager: Display: Loaded TargetPlatform 'AndroidClient'
[2020.05.27-06.01.59:426][  0]LogTargetPlatformManager: Display: Loaded TargetPlatform 'Android_ASTCClient'
[2020.05.27-06.01.59:426][  0]LogTargetPlatformManager: Display: Loaded TargetPlatform 'Android_ATCClient'
[2020.05.27-06.01.59:426][  0]LogTargetPlatformManager: Display: Loaded TargetPlatform 'Android_DXTClient'
[2020.05.27-06.01.59:426][  0]LogTargetPlatformManager: Display: Loaded TargetPlatform 'Android_ETC1Client'
[2020.05.27-06.01.59:426][  0]LogTargetPlatformManager: Display: Loaded TargetPlatform 'Android_ETC1aClient'
[2020.05.27-06.01.59:426][  0]LogTargetPlatformManager: Display: Loaded TargetPlatform 'Android_ETC2Client'
[2020.05.27-06.01.59:426][  0]LogTargetPlatformManager: Display: Loaded TargetPlatform 'Android_PVRTCClient'
[2020.05.27-06.01.59:426][  0]LogTargetPlatformManager: Display: Loaded TargetPlatform 'Android_Multi'
[2020.05.27-06.01.59:426][  0]LogTargetPlatformManager: Display: Loaded TargetPlatform 'Android_MultiClient'
[2020.05.27-06.01.59:457][  0]LogTargetPlatformManager: Display: Loaded TargetPlatform 'IOSClient'
[2020.05.27-06.01.59:457][  0]LogTargetPlatformManager: Display: Loaded TargetPlatform 'IOS'
[2020.05.27-06.01.59:468][  0]LogTargetPlatformManager: Display: Loaded TargetPlatform 'LinuxNoEditor'
[2020.05.27-06.01.59:477][  0]LogTargetPlatformManager: Display: Loaded TargetPlatform 'LinuxClient'
[2020.05.27-06.01.59:488][  0]LogTargetPlatformManager: Display: Loaded TargetPlatform 'LinuxServer'
[2020.05.27-06.01.59:498][  0]LogTargetPlatformManager: Display: Loaded TargetPlatform 'LinuxAArch64NoEditor'
[2020.05.27-06.01.59:508][  0]LogTargetPlatformManager: Display: Loaded TargetPlatform 'LinuxAArch64Client'
[2020.05.27-06.01.59:518][  0]LogTargetPlatformManager: Display: Loaded TargetPlatform 'LinuxAArch64Server'
[2020.05.27-06.01.59:549][  0]LogTargetPlatformManager: Display: Loaded TargetPlatform 'Lumin'
[2020.05.27-06.01.59:549][  0]LogTargetPlatformManager: Display: Loaded TargetPlatform 'LuminClient'
[2020.05.27-06.01.59:569][  0]LogTargetPlatformManager: Display: Loaded TargetPlatform 'TVOSClient'
[2020.05.27-06.01.59:569][  0]LogTargetPlatformManager: Display: Loaded TargetPlatform 'TVOS'
[2020.05.27-06.01.59:580][  0]LogTargetPlatformManager: Display: Loaded TargetPlatform 'WindowsNoEditor'
[2020.05.27-06.01.59:591][  0]LogTargetPlatformManager: Display: Loaded TargetPlatform 'Windows'
[2020.05.27-06.01.59:602][  0]LogTargetPlatformManager: Display: Loaded TargetPlatform 'WindowsClient'
[2020.05.27-06.01.59:612][  0]LogTargetPlatformManager: Display: Loaded TargetPlatform 'WindowsServer'
[2020.05.27-06.01.59:612][  0]LogTargetPlatformManager: Display: Building Assets For Windows
[2020.05.27-06.01.59:619][  0]LogAudioDebug: Display: Lib vorbis DLL was dynamically loaded.
[2020.05.27-06.01.59:668][  0]LogShaderCompilers: Guid format shader working directory is -29 characters bigger than the processId version (../../../../../../Users/Pavel/Documents/Unreal Projects/MatrixUnrealEngine/Intermediate/Shaders/WorkingDirectory/12172/).
[2020.05.27-06.01.59:669][  0]LogShaderCompilers: Cleaned the shader compiler working directory 'C:/Users/Pavel/AppData/Local/Temp/UnrealShaderWorkingDir/B95846E94B1475481AA84CA890091778/'.
[2020.05.27-06.01.59:670][  0]LogXGEController: Cleaning working directory: C:/Users/Pavel/AppData/Local/Temp/UnrealXGEWorkingDir/
[2020.05.27-06.01.59:670][  0]LogXGEController: Cannot use XGE Controller as Incredibuild is not installed on this machine.
[2020.05.27-06.01.59:670][  0]LogShaderCompilers: Cannot use XGE Shader Compiler as Incredibuild is not installed on this machine.
[2020.05.27-06.01.59:670][  0]LogShaderCompilers: Display: Using Local Shader Compiler.
[2020.05.27-06.02.00:744][  0]LogDerivedDataCache: Display: Max Cache Size: 512 MB
[2020.05.27-06.02.00:942][  0]LogDerivedDataCache: Loaded boot cache 0.20s 78MB C:/Users/Pavel/AppData/Local/UnrealEngine/4.24/DerivedDataCache/Boot.ddc.
[2020.05.27-06.02.00:942][  0]LogDerivedDataCache: Display: Loaded Boot cache: C:/Users/Pavel/AppData/Local/UnrealEngine/4.24/DerivedDataCache/Boot.ddc
[2020.05.27-06.02.00:942][  0]LogDerivedDataCache: FDerivedDataBackendGraph:  Pak pak cache file ../../../../../../Users/Pavel/Documents/Unreal Projects/MatrixUnrealEngine/DerivedDataCache/DDC.ddp not found, will not use a pak cache.
[2020.05.27-06.02.00:942][  0]LogDerivedDataCache: Unable to find inner node Pak for hierarchical cache Hierarchy.
[2020.05.27-06.02.00:942][  0]LogDerivedDataCache: FDerivedDataBackendGraph:  CompressedPak pak cache file ../../../../../../Users/Pavel/Documents/Unreal Projects/MatrixUnrealEngine/DerivedDataCache/Compressed.ddp not found, will not use a pak cache.
[2020.05.27-06.02.00:942][  0]LogDerivedDataCache: Unable to find inner node CompressedPak for hierarchical cache Hierarchy.
[2020.05.27-06.02.00:957][  0]LogDerivedDataCache: Display: Pak cache opened for reading ../../../Engine/DerivedDataCache/Compressed.ddp.
[2020.05.27-06.02.00:957][  0]LogDerivedDataCache: FDerivedDataBackendGraph:  EnterprisePak pak cache file ../../../Enterprise/DerivedDataCache/Compressed.ddp not found, will not use a pak cache.
[2020.05.27-06.02.00:957][  0]LogDerivedDataCache: Unable to find inner node EnterprisePak for hierarchical cache Hierarchy.
[2020.05.27-06.02.00:959][  0]LogDerivedDataCache: Using Local data cache path C:/Users/Pavel/AppData/Local/UnrealEngine/Common/DerivedDataCache: Writable
[2020.05.27-06.02.00:959][  0]LogDerivedDataCache: Shared data cache path not found in *engine.ini, will not use an Shared cache.
[2020.05.27-06.02.00:959][  0]LogDerivedDataCache: Unable to find inner node Shared for hierarchical cache Hierarchy.
[2020.05.27-06.02.00:988][  0]LogMaterial: Verifying Global Shaders for PCD3D_SM5
[2020.05.27-06.02.00:991][  0]LogSlate: Using FreeType 2.10.0
[2020.05.27-06.02.00:991][  0]LogSlate: SlateFontServices - WITH_FREETYPE: 1, WITH_HARFBUZZ: 1
[2020.05.27-06.02.01:143][  0]LogAssetRegistry: FAssetRegistry took 0.0037 seconds to start up
[2020.05.27-06.02.01:501][  0]LogInit: Selected Device Profile: [Windows]
[2020.05.27-06.02.01:739][  0]LogMeshReduction: Using QuadricMeshReduction for automatic static mesh reduction
[2020.05.27-06.02.01:739][  0]LogMeshReduction: Using SimplygonMeshReduction for automatic skeletal mesh reduction
[2020.05.27-06.02.01:739][  0]LogMeshReduction: Using ProxyLODMeshReduction for automatic mesh merging
[2020.05.27-06.02.01:739][  0]LogMeshReduction: No distributed automatic mesh merging module available
[2020.05.27-06.02.01:739][  0]LogMeshMerging: No distributed automatic mesh merging module available
[2020.05.27-06.02.01:755][  0]LogNetVersion: MatrixUnrealEngine 1.0.0, NetCL: 10570792, EngineNetVer: 13, GameNetVer: 0 (Checksum: 1501902636)
[2020.05.27-06.02.03:834][  0]LogPackageLocalizationCache: Processed 10 localized package path(s) for 1 prioritized culture(s) in 0.045670 seconds
[2020.05.27-06.02.03:847][  0]LogUObjectArray: 46750 objects as part of root set at end of initial load.
[2020.05.27-06.02.03:847][  0]LogUObjectAllocator: 8137160 out of 0 bytes used by permanent object pool.
[2020.05.27-06.02.03:847][  0]LogUObjectArray: CloseDisregardForGC: 0/0 objects in disregard for GC pool
[2020.05.27-06.02.04:438][  0]LogTcpMessaging: Initializing TcpMessaging bridge
[2020.05.27-06.02.04:443][  0]LogUdpMessaging: Initializing bridge on interface 0.0.0.0:0 to multicast group 230.0.0.1:6666.
[2020.05.27-06.02.04:518][  0]SourceControl: Source control is disabled
[2020.05.27-06.02.04:518][  0]SourceControl: Source control is disabled
[2020.05.27-06.02.04:521][  0]SourceControl: Source control is disabled
[2020.05.27-06.02.04:523][  0]SourceControl: Source control is disabled
[2020.05.27-06.02.04:525][  0]SourceControl: Source control is disabled
[2020.05.27-06.02.04:672][  0]LogAndroidPermission: UAndroidPermissionCallbackProxy::GetInstance
[2020.05.27-06.02.04:690][  0]LogAudioCaptureCore: Display: No Audio Capture implementations found. Audio input will be silent.
[2020.05.27-06.02.04:690][  0]LogAudioCaptureCore: Display: No Audio Capture implementations found. Audio input will be silent.
[2020.05.27-06.02.04:798][  0]LogOcInput: OculusInput pre-init called
[2020.05.27-06.02.04:809][  0]LogWindows: Failed to load 'OVRPlugin.dll' (GetLastError=126)
[2020.05.27-06.02.04:810][  0]LogWindows: File 'OVRPlugin.dll' does not exist
[2020.05.27-06.02.04:900][  0]LogEngine: Initializing Engine...
[2020.05.27-06.02.04:901][  0]LogHMD: Failed to initialize OpenVR with code 110
[2020.05.27-06.02.04:902][  0]LogStats: UGameplayTagsManager::InitializeManager -  0.000 s
[2020.05.27-06.02.05:322][  0]LogInit: Initializing FReadOnlyCVARCache
[2020.05.27-06.02.05:332][  0]LogAIModule: Creating AISystem for world Untitled
[2020.05.27-06.02.05:348][  0]LogAudioMixer: Display: Audio Mixer Platform Settings:
[2020.05.27-06.02.05:348][  0]LogAudioMixer: Display: 	Sample Rate:						  48000
[2020.05.27-06.02.05:348][  0]LogAudioMixer: Display: 	Callback Buffer Frame Size Requested: 1024
[2020.05.27-06.02.05:348][  0]LogAudioMixer: Display: 	Callback Buffer Frame Size To Use:	  1024
[2020.05.27-06.02.05:348][  0]LogAudioMixer: Display: 	Number of buffers to queue:			  2
[2020.05.27-06.02.05:348][  0]LogAudioMixer: Display: 	Max Channels (voices):				  32
[2020.05.27-06.02.05:348][  0]LogAudioMixer: Display: 	Number of Async Source Workers:		  0
[2020.05.27-06.02.05:348][  0]LogAudio: Display: AudioDevice MaxSources: 32
[2020.05.27-06.02.05:348][  0]LogAudio: Display: Using built-in audio occlusion.
[2020.05.27-06.02.05:348][  0]LogAudioMixer: Display: Initializing audio mixer.
[2020.05.27-06.02.05:405][  0]LogAudioMixer: Display: Audio Device Output Speaker Info:
[2020.05.27-06.02.05:405][  0]LogAudioMixer: Display: Name: Speaker/HP (Realtek High Definition Audio(SST))
[2020.05.27-06.02.05:405][  0]LogAudioMixer: Display: Is Default: Yes
[2020.05.27-06.02.05:405][  0]LogAudioMixer: Display: Sample Rate: 48000
[2020.05.27-06.02.05:405][  0]LogAudioMixer: Display: Channel Count Used: 2
[2020.05.27-06.02.05:405][  0]LogAudioMixer: Display: Device Channel Count: 2
[2020.05.27-06.02.05:405][  0]LogAudioMixer: Display: Channel Order:
[2020.05.27-06.02.05:405][  0]LogAudioMixer: Display: 0: FrontLeft
[2020.05.27-06.02.05:405][  0]LogAudioMixer: Display: 1: FrontRight
[2020.05.27-06.02.06:054][  0]LogAudioMixer: Display: Using Audio Device Speaker/HP (Realtek High Definition Audio(SST))
[2020.05.27-06.02.06:067][  0]LogInit: FAudioDevice initialized.
[2020.05.27-06.02.06:067][  0]LogNetVersion: Set ProjectVersion to 1.0.0.0. Version Checksum will be recalculated on next use.
[2020.05.27-06.02.06:165][  0]LogDerivedDataCache: Saved boot cache 0.10s 78MB C:/Users/Pavel/AppData/Local/UnrealEngine/4.24/DerivedDataCache/Boot.ddc.
[2020.05.27-06.02.06:171][  0]LogInit: Texture streaming: Enabled
[2020.05.27-06.02.06:186][  0]LogEngineSessionManager: EngineSessionManager initialized
[2020.05.27-06.02.06:187][  0]LogEditorSessionSummary: Verbose: Initializing EditorSessionSummaryWriter for editor session tracking
[2020.05.27-06.02.06:188][  0]LogEditorSessionSummary: EditorSessionSummaryWriter initialized
[2020.05.27-06.02.06:240][  0]LogInit: Transaction tracking system initialized
[2020.05.27-06.02.06:268][  0]BlueprintLog: New page: Editor Load
[2020.05.27-06.02.06:324][  0]LocalizationService: Localization service is disabled
[2020.05.27-06.02.06:422][  0]LogLinker: Warning: Failed to load '/Game/DENT/AddDestructibleMeshToDENT': Can't find file.
[2020.05.27-06.02.06:422][  0]LogLinker: Warning: Failed to load '/Game/DENT/AddDestructibleMeshToDENT': Can't find file.
[2020.05.27-06.02.06:422][  0]LogUObjectGlobals: Warning: Failed to find object 'Class /Game/DENT/AddDestructibleMeshToDENT.AddDestructibleMeshToDENT_C'
[2020.05.27-06.02.07:938][  0]LogFileCache: Scanning file cache for directory 'C:/Users/Pavel/Documents/Unreal Projects/MatrixUnrealEngine/Content/' took 0.01s
[2020.05.27-06.02.07:938][  0]LogCook: Display: Max memory allowance for cook 16384mb min free memory 0mb
[2020.05.27-06.02.07:938][  0]LogCook: Display: Mobile HDR setting 1
[2020.05.27-06.02.08:859][  0]SourceControl: Source control is disabled
[2020.05.27-06.02.08:859][  0]Cmd: MAP LOAD FILE="../../../../../../Users/Pavel/Documents/Unreal Projects/MatrixUnrealEngine/Content/ThirdPersonBP/Maps/ThirdPersonExampleMap.umap" TEMPLATE=0 SHOWPROGRESS=1 FEATURELEVEL=3
[2020.05.27-06.02.08:860][  0]LightingResults: New page: Lighting Build
[2020.05.27-06.02.08:862][  0]LogWorld: UWorld::CleanupWorld for Untitled, bSessionEnded=true, bCleanupResources=true
[2020.05.27-06.02.08:862][  0]LogSlate: InvalidateAllWidgets triggered.  All widgets were invalidated
[2020.05.27-06.02.08:862][  0]MapCheck: New page: Map Check
[2020.05.27-06.02.08:862][  0]LightingResults: New page: Lighting Build
[2020.05.27-06.02.08:895][  0]LogUObjectHash: Compacting FUObjectHashTables data took   2.22ms
[2020.05.27-06.02.09:249][  0]LogAIModule: Creating AISystem for world ThirdPersonExampleMap
[2020.05.27-06.02.09:258][  0]LogEditorServer: Finished looking for orphan Actors (0.000 secs)
[2020.05.27-06.02.09:299][  0]LogUObjectHash: Compacting FUObjectHashTables data took   2.61ms
[2020.05.27-06.02.09:300][  0]Cmd: MAP CHECKDEP NOCLEARLOG
[2020.05.27-06.02.09:300][  0]MapCheck: Map check complete: 0 Error(s), 0 Warning(s), took 0.184ms to complete.
[2020.05.27-06.02.09:300][  0]LogFileHelpers: Loading map 'ThirdPersonExampleMap' took 0.441
[2020.05.27-06.02.09:456][  0]LogSlate: Updating window title bar state: overlay mode, drag disabled, window buttons hidden, title bar hidden
[2020.05.27-06.02.09:465][  0]LogSlate: Updating window title bar state: overlay mode, drag disabled, window buttons hidden, title bar hidden
[2020.05.27-06.02.09:474][  0]LogSlate: Updating window title bar state: overlay mode, drag disabled, window buttons hidden, title bar hidden
[2020.05.27-06.02.09:481][  0]LogSlate: Updating window title bar state: overlay mode, drag disabled, window buttons hidden, title bar hidden
[2020.05.27-06.02.09:488][  0]LogCollectionManager: Loaded 0 collections in 0.002064 seconds
[2020.05.27-06.02.09:506][  0]LogFileCache: Scanning file cache for directory 'C:/Users/Pavel/Documents/Unreal Projects/MatrixUnrealEngine/Saved/Collections/' took 0.00s
[2020.05.27-06.02.09:506][  0]LogFileCache: Scanning file cache for directory 'C:/Users/Pavel/Documents/Unreal Projects/MatrixUnrealEngine/Content/Developers/pavtiger/Collections/' took 0.00s
[2020.05.27-06.02.09:506][  0]LogFileCache: Scanning file cache for directory 'C:/Users/Pavel/Documents/Unreal Projects/MatrixUnrealEngine/Content/Collections/' took 0.00s
[2020.05.27-06.02.09:506][  0]LogContentBrowser: Native class hierarchy populated in 0.0097 seconds. Added 3015 classes and 717 folders.
[2020.05.27-06.02.09:512][  0]LogContentBrowser: Native class hierarchy updated for 'WidgetCarousel' in 0.0003 seconds. Added 0 classes and 0 folders.
[2020.05.27-06.02.09:710][  0]LogContentBrowser: Native class hierarchy updated for 'AddContentDialog' in 0.0003 seconds. Added 0 classes and 0 folders.
[2020.05.27-06.02.09:715][  0]LogContentBrowser: Native class hierarchy updated for 'SceneOutliner' in 0.0003 seconds. Added 2 classes and 3 folders.
[2020.05.27-06.02.09:751][  0]LogSlate: Took 0.001297 seconds to synchronously load lazily loaded font '../../../Engine/Content/Slate/Fonts/Roboto-Regular.ttf' (155K)
[2020.05.27-06.02.09:753][  0]LogSlate: Took 0.001046 seconds to synchronously load lazily loaded font '../../../Engine/Content/Slate/Fonts/Roboto-Bold.ttf' (160K)
[2020.05.27-06.02.09:759][  0]LogSlate: Took 0.001010 seconds to synchronously load lazily loaded font '../../../Engine/Content/Editor/Slate/Fonts/FontAwesome.ttf' (139K)
[2020.05.27-06.02.09:838][  0]LogRenderer: Reallocating scene render targets to support 1144x600 Format 9 NumSamples 1 (Frame:1).
[2020.05.27-06.02.09:913][  0]LogSlate: Took 0.000507 seconds to synchronously load lazily loaded font '../../../Engine/Content/Slate/Fonts/Roboto-Light.ttf' (167K)
[2020.05.27-06.02.09:969][  0]LogContentBrowser: Native class hierarchy updated for 'HierarchicalLODOutliner' in 0.0006 seconds. Added 0 classes and 0 folders.
[2020.05.27-06.02.09:969][  0]LogLoad: (Engine Initialization) Total time: 16.49 seconds
[2020.05.27-06.02.09:969][  0]LogLoad: (Engine Initialization) Total Blueprint compile time: 0.00 seconds
[2020.05.27-06.02.10:308][  0]LogContentStreaming: Texture pool size now 800 MB
[2020.05.27-06.02.10:629][  3]LogAssetRegistry: Asset discovery search completed in 9.4868 seconds
[2020.05.27-06.02.10:635][  3]LogCollectionManager: Fixed up redirectors for 0 collections in 0.000016 seconds (updated 0 objects)
[2020.05.27-06.02.23:622][487]LogSlate: Took 0.000276 seconds to synchronously load lazily loaded font '../../../Engine/Content/Slate/Fonts/Roboto-Light.ttf' (167K)
[2020.05.27-06.02.23:882][487]LogLinker: Warning: While loading '../../../../../../Users/Pavel/Documents/Unreal Projects/MatrixUnrealEngine/Content/Meshes/Colt-python/Colt_Python.uasset' failed to load '/Game/Meshes/colt_python/Colt_Python1': Can't find file.
[2020.05.27-06.02.23:882][487]LogLinker: Warning: While loading '../../../../../../Users/Pavel/Documents/Unreal Projects/MatrixUnrealEngine/Content/Meshes/Colt-python/Colt_Python.uasset' failed to load '/Game/Meshes/colt_python/Colt_Python1': Can't find file.
[2020.05.27-06.02.23:882][487]LogLinker: Warning: While loading '../../../../../../Users/Pavel/Documents/Unreal Projects/MatrixUnrealEngine/Content/Meshes/Colt-python/Colt_Python.uasset' failed to load '/Game/Meshes/colt_python/Colt_Python1': Can't find file.
[2020.05.27-06.02.23:882][487]LogLinker: Warning: While loading '../../../../../../Users/Pavel/Documents/Unreal Projects/MatrixUnrealEngine/Content/Meshes/Colt-python/Colt_Python.uasset' failed to load '/Game/Meshes/colt_python/Colt_Python1': Can't find file.
[2020.05.27-06.02.23:957][487]LogLinker: Warning: While loading '../../../../../../Users/Pavel/Documents/Unreal Projects/MatrixUnrealEngine/Content/Meshes/Rifle/SK_Rifle.uasset' failed to load '/Game/FPS_Assault_Pack/Materials/Rifle/M_Rifle': Can't find file.
[2020.05.27-06.02.23:957][487]LogLinker: Warning: While loading '../../../../../../Users/Pavel/Documents/Unreal Projects/MatrixUnrealEngine/Content/Meshes/Rifle/SK_Rifle.uasset' failed to load '/Game/FPS_Assault_Pack/Materials/Rifle/M_Rifle': Can't find file.
[2020.05.27-06.02.23:957][487]LogLinker: Warning: While loading '../../../../../../Users/Pavel/Documents/Unreal Projects/MatrixUnrealEngine/Content/Meshes/Rifle/SK_Rifle.uasset' failed to load '/Game/FPS_Assault_Pack/Materials/Rifle/M_Rifle_Carry': Can't find file.
[2020.05.27-06.02.23:958][487]LogLinker: Warning: While loading '../../../../../../Users/Pavel/Documents/Unreal Projects/MatrixUnrealEngine/Content/Meshes/Rifle/SK_Rifle.uasset' failed to load '/Game/FPS_Assault_Pack/Materials/Rifle/M_Rifle_Carry': Can't find file.
[2020.05.27-06.02.23:958][487]LogLinker: Warning: While loading '../../../../../../Users/Pavel/Documents/Unreal Projects/MatrixUnrealEngine/Content/Meshes/Rifle/SK_Rifle.uasset' failed to load '/Game/FPS_Assault_Pack/Materials/Rifle/M_Rifle_Furniture': Can't find file.
[2020.05.27-06.02.23:958][487]LogLinker: Warning: While loading '../../../../../../Users/Pavel/Documents/Unreal Projects/MatrixUnrealEngine/Content/Meshes/Rifle/SK_Rifle.uasset' failed to load '/Game/FPS_Assault_Pack/Materials/Rifle/M_Rifle_Furniture': Can't find file.
[2020.05.27-06.02.23:958][487]LogLinker: Warning: While loading '../../../../../../Users/Pavel/Documents/Unreal Projects/MatrixUnrealEngine/Content/Meshes/Rifle/SK_Rifle.uasset' failed to load '/Game/FPS_Assault_Pack/Materials/Rifle/M_Rifle': Can't find file.
[2020.05.27-06.02.23:959][487]LogLinker: Warning: While loading '../../../../../../Users/Pavel/Documents/Unreal Projects/MatrixUnrealEngine/Content/Meshes/Rifle/SK_Rifle.uasset' failed to load '/Game/FPS_Assault_Pack/Materials/Rifle/M_Rifle': Can't find file.
[2020.05.27-06.02.23:959][487]LogLinker: Warning: While loading '../../../../../../Users/Pavel/Documents/Unreal Projects/MatrixUnrealEngine/Content/Meshes/Rifle/SK_Rifle.uasset' failed to load '/Game/FPS_Assault_Pack/Materials/Rifle/M_Rifle_Carry': Can't find file.
[2020.05.27-06.02.23:959][487]LogLinker: Warning: While loading '../../../../../../Users/Pavel/Documents/Unreal Projects/MatrixUnrealEngine/Content/Meshes/Rifle/SK_Rifle.uasset' failed to load '/Game/FPS_Assault_Pack/Materials/Rifle/M_Rifle_Carry': Can't find file.
[2020.05.27-06.02.23:959][487]LogLinker: Warning: While loading '../../../../../../Users/Pavel/Documents/Unreal Projects/MatrixUnrealEngine/Content/Meshes/Rifle/SK_Rifle.uasset' failed to load '/Game/FPS_Assault_Pack/Materials/Rifle/M_Rifle_Furniture': Can't find file.
[2020.05.27-06.02.23:959][487]LogLinker: Warning: While loading '../../../../../../Users/Pavel/Documents/Unreal Projects/MatrixUnrealEngine/Content/Meshes/Rifle/SK_Rifle.uasset' failed to load '/Game/FPS_Assault_Pack/Materials/Rifle/M_Rifle_Furniture': Can't find file.
[2020.05.27-06.02.23:960][487]LogLinker: Warning: While loading '../../../../../../Users/Pavel/Documents/Unreal Projects/MatrixUnrealEngine/Content/Meshes/Rifle/SK_Rifle.uasset' failed to load '/Game/FPS_Assault_Pack/Meshes/Rifle/SK_Rifle_PhysicsAsset': Can't find file.
[2020.05.27-06.02.23:960][487]LogLinker: Warning: While loading '../../../../../../Users/Pavel/Documents/Unreal Projects/MatrixUnrealEngine/Content/Meshes/Rifle/SK_Rifle.uasset' failed to load '/Game/FPS_Assault_Pack/Meshes/Rifle/SK_Rifle_PhysicsAsset': Can't find file.
[2020.05.27-06.02.23:960][487]LogLinker: Warning: While loading '../../../../../../Users/Pavel/Documents/Unreal Projects/MatrixUnrealEngine/Content/Meshes/Rifle/SK_Rifle.uasset' failed to load '/Game/FPS_Assault_Pack/Meshes/Rifle/SK_Rifle_Skeleton': Can't find file.
[2020.05.27-06.02.23:960][487]LogLinker: Warning: While loading '../../../../../../Users/Pavel/Documents/Unreal Projects/MatrixUnrealEngine/Content/Meshes/Rifle/SK_Rifle.uasset' failed to load '/Game/FPS_Assault_Pack/Meshes/Rifle/SK_Rifle_Skeleton': Can't find file.
[2020.05.27-06.02.23:961][487]LogLinker: Warning: While loading '../../../../../../Users/Pavel/Documents/Unreal Projects/MatrixUnrealEngine/Content/Meshes/Rifle/SK_Rifle.uasset' failed to load '/Game/FPS_Assault_Pack/Meshes/Rifle/SK_Rifle_PhysicsAsset': Can't find file.
[2020.05.27-06.02.23:961][487]LogLinker: Warning: While loading '../../../../../../Users/Pavel/Documents/Unreal Projects/MatrixUnrealEngine/Content/Meshes/Rifle/SK_Rifle.uasset' failed to load '/Game/FPS_Assault_Pack/Meshes/Rifle/SK_Rifle_PhysicsAsset': Can't find file.
[2020.05.27-06.02.23:961][487]LogLinker: Warning: While loading '../../../../../../Users/Pavel/Documents/Unreal Projects/MatrixUnrealEngine/Content/Meshes/Rifle/SK_Rifle.uasset' failed to load '/Game/FPS_Assault_Pack/Meshes/Rifle/SK_Rifle_Skeleton': Can't find file.
[2020.05.27-06.02.23:961][487]LogLinker: Warning: While loading '../../../../../../Users/Pavel/Documents/Unreal Projects/MatrixUnrealEngine/Content/Meshes/Rifle/SK_Rifle.uasset' failed to load '/Game/FPS_Assault_Pack/Meshes/Rifle/SK_Rifle_Skeleton': Can't find file.
[2020.05.27-06.02.23:962][487]LogLinker: Warning: While loading '../../../../../../Users/Pavel/Documents/Unreal Projects/MatrixUnrealEngine/Content/Meshes/RU74/SK_RU74.uasset' failed to load '/Game/FPS_Assault_Pack/Materials/RU74/M_RU74_Body': Can't find file.
[2020.05.27-06.02.23:963][487]LogLinker: Warning: While loading '../../../../../../Users/Pavel/Documents/Unreal Projects/MatrixUnrealEngine/Content/Meshes/RU74/SK_RU74.uasset' failed to load '/Game/FPS_Assault_Pack/Materials/RU74/M_RU74_Body': Can't find file.
[2020.05.27-06.02.23:963][487]LogLinker: Warning: While loading '../../../../../../Users/Pavel/Documents/Unreal Projects/MatrixUnrealEngine/Content/Meshes/RU74/SK_RU74.uasset' failed to load '/Game/FPS_Assault_Pack/Materials/RU74/M_RU74_Mag': Can't find file.
[2020.05.27-06.02.23:963][487]LogLinker: Warning: While loading '../../../../../../Users/Pavel/Documents/Unreal Projects/MatrixUnrealEngine/Content/Meshes/RU74/SK_RU74.uasset' failed to load '/Game/FPS_Assault_Pack/Materials/RU74/M_RU74_Mag': Can't find file.
[2020.05.27-06.02.23:964][487]LogLinker: Warning: While loading '../../../../../../Users/Pavel/Documents/Unreal Projects/MatrixUnrealEngine/Content/Meshes/RU74/SK_RU74.uasset' failed to load '/Game/FPS_Assault_Pack/Materials/RU74/M_RU74_Stock': Can't find file.
[2020.05.27-06.02.23:964][487]LogLinker: Warning: While loading '../../../../../../Users/Pavel/Documents/Unreal Projects/MatrixUnrealEngine/Content/Meshes/RU74/SK_RU74.uasset' failed to load '/Game/FPS_Assault_Pack/Materials/RU74/M_RU74_Stock': Can't find file.
[2020.05.27-06.02.23:964][487]LogLinker: Warning: While loading '../../../../../../Users/Pavel/Documents/Unreal Projects/MatrixUnrealEngine/Content/Meshes/RU74/SK_RU74.uasset' failed to load '/Game/FPS_Assault_Pack/Materials/RU74/M_RU74_Body': Can't find file.
[2020.05.27-06.02.23:964][487]LogLinker: Warning: While loading '../../../../../../Users/Pavel/Documents/Unreal Projects/MatrixUnrealEngine/Content/Meshes/RU74/SK_RU74.uasset' failed to load '/Game/FPS_Assault_Pack/Materials/RU74/M_RU74_Body': Can't find file.
[2020.05.27-06.02.23:964][487]LogLinker: Warning: While loading '../../../../../../Users/Pavel/Documents/Unreal Projects/MatrixUnrealEngine/Content/Meshes/RU74/SK_RU74.uasset' failed to load '/Game/FPS_Assault_Pack/Materials/RU74/M_RU74_Mag': Can't find file.
[2020.05.27-06.02.23:965][487]LogLinker: Warning: While loading '../../../../../../Users/Pavel/Documents/Unreal Projects/MatrixUnrealEngine/Content/Meshes/RU74/SK_RU74.uasset' failed to load '/Game/FPS_Assault_Pack/Materials/RU74/M_RU74_Mag': Can't find file.
[2020.05.27-06.02.23:965][487]LogLinker: Warning: While loading '../../../../../../Users/Pavel/Documents/Unreal Projects/MatrixUnrealEngine/Content/Meshes/RU74/SK_RU74.uasset' failed to load '/Game/FPS_Assault_Pack/Materials/RU74/M_RU74_Stock': Can't find file.
[2020.05.27-06.02.23:965][487]LogLinker: Warning: While loading '../../../../../../Users/Pavel/Documents/Unreal Projects/MatrixUnrealEngine/Content/Meshes/RU74/SK_RU74.uasset' failed to load '/Game/FPS_Assault_Pack/Materials/RU74/M_RU74_Stock': Can't find file.
[2020.05.27-06.02.23:965][487]LogLinker: Warning: While loading '../../../../../../Users/Pavel/Documents/Unreal Projects/MatrixUnrealEngine/Content/Meshes/RU74/SK_RU74.uasset' failed to load '/Game/FPS_Assault_Pack/Meshes/RU74/SK_RU74_Physics': Can't find file.
[2020.05.27-06.02.23:966][487]LogLinker: Warning: While loading '../../../../../../Users/Pavel/Documents/Unreal Projects/MatrixUnrealEngine/Content/Meshes/RU74/SK_RU74.uasset' failed to load '/Game/FPS_Assault_Pack/Meshes/RU74/SK_RU74_Physics': Can't find file.
[2020.05.27-06.02.23:966][487]LogLinker: Warning: While loading '../../../../../../Users/Pavel/Documents/Unreal Projects/MatrixUnrealEngine/Content/Meshes/RU74/SK_RU74.uasset' failed to load '/Game/FPS_Assault_Pack/Meshes/RU74/SK_RU74_Skeleton': Can't find file.
[2020.05.27-06.02.23:966][487]LogLinker: Warning: While loading '../../../../../../Users/Pavel/Documents/Unreal Projects/MatrixUnrealEngine/Content/Meshes/RU74/SK_RU74.uasset' failed to load '/Game/FPS_Assault_Pack/Meshes/RU74/SK_RU74_Skeleton': Can't find file.
[2020.05.27-06.02.23:966][487]LogLinker: Warning: While loading '../../../../../../Users/Pavel/Documents/Unreal Projects/MatrixUnrealEngine/Content/Meshes/RU74/SK_RU74.uasset' failed to load '/Game/FPS_Assault_Pack/Meshes/RU74/SK_RU74_Physics': Can't find file.
[2020.05.27-06.02.23:967][487]LogLinker: Warning: While loading '../../../../../../Users/Pavel/Documents/Unreal Projects/MatrixUnrealEngine/Content/Meshes/RU74/SK_RU74.uasset' failed to load '/Game/FPS_Assault_Pack/Meshes/RU74/SK_RU74_Physics': Can't find file.
[2020.05.27-06.02.23:967][487]LogLinker: Warning: While loading '../../../../../../Users/Pavel/Documents/Unreal Projects/MatrixUnrealEngine/Content/Meshes/RU74/SK_RU74.uasset' failed to load '/Game/FPS_Assault_Pack/Meshes/RU74/SK_RU74_Skeleton': Can't find file.
[2020.05.27-06.02.23:967][487]LogLinker: Warning: While loading '../../../../../../Users/Pavel/Documents/Unreal Projects/MatrixUnrealEngine/Content/Meshes/RU74/SK_RU74.uasset' failed to load '/Game/FPS_Assault_Pack/Meshes/RU74/SK_RU74_Skeleton': Can't find file.
[2020.05.27-06.02.23:999][487]LogLinker: Warning: While loading '../../../../../../Users/Pavel/Documents/Unreal Projects/MatrixUnrealEngine/Content/Meshes/RU74/SK_RU74.uasset' failed to load '/Game/FPS_Assault_Pack/Meshes/RU74/SK_RU74_Skeleton': Can't find file.
[2020.05.27-06.02.23:999][487]LoadErrors: Failed to load /Game/FPS_Assault_Pack/Meshes/RU74/SK_RU74_Skeleton.SK_RU74_Skeleton Referenced by SK_RU74
[2020.05.27-06.02.24:000][487]LogLinker: Warning: While loading '../../../../../../Users/Pavel/Documents/Unreal Projects/MatrixUnrealEngine/Content/Meshes/RU74/SK_RU74.uasset' failed to load '/Game/FPS_Assault_Pack/Meshes/RU74/SK_RU74_Skeleton': Can't find file.
[2020.05.27-06.02.24:000][487]LogLinker: Warning: While loading '../../../../../../Users/Pavel/Documents/Unreal Projects/MatrixUnrealEngine/Content/Meshes/RU74/SK_RU74.uasset' failed to load '/Game/FPS_Assault_Pack/Meshes/RU74/SK_RU74_Physics': Can't find file.
[2020.05.27-06.02.24:000][487]LoadErrors: Failed to load /Game/FPS_Assault_Pack/Meshes/RU74/SK_RU74_Physics.SK_RU74_Physics Referenced by SK_RU74
[2020.05.27-06.02.24:000][487]LogLinker: Warning: While loading '../../../../../../Users/Pavel/Documents/Unreal Projects/MatrixUnrealEngine/Content/Meshes/RU74/SK_RU74.uasset' failed to load '/Game/FPS_Assault_Pack/Meshes/RU74/SK_RU74_Physics': Can't find file.
[2020.05.27-06.02.24:001][487]LogLinker: Warning: While loading '../../../../../../Users/Pavel/Documents/Unreal Projects/MatrixUnrealEngine/Content/Meshes/RU74/SK_RU74.uasset' failed to load '/Game/FPS_Assault_Pack/Materials/RU74/M_RU74_Body': Can't find file.
[2020.05.27-06.02.24:001][487]LoadErrors: Failed to load /Game/FPS_Assault_Pack/Materials/RU74/M_RU74_Body.M_RU74_Body Referenced by SK_RU74
[2020.05.27-06.02.24:001][487]LogLinker: Warning: While loading '../../../../../../Users/Pavel/Documents/Unreal Projects/MatrixUnrealEngine/Content/Meshes/RU74/SK_RU74.uasset' failed to load '/Game/FPS_Assault_Pack/Materials/RU74/M_RU74_Body': Can't find file.
[2020.05.27-06.02.24:001][487]LogLinker: Warning: While loading '../../../../../../Users/Pavel/Documents/Unreal Projects/MatrixUnrealEngine/Content/Meshes/RU74/SK_RU74.uasset' failed to load '/Game/FPS_Assault_Pack/Materials/RU74/M_RU74_Mag': Can't find file.
[2020.05.27-06.02.24:001][487]LoadErrors: Failed to load /Game/FPS_Assault_Pack/Materials/RU74/M_RU74_Mag.M_RU74_Mag Referenced by SK_RU74
[2020.05.27-06.02.24:002][487]LogLinker: Warning: While loading '../../../../../../Users/Pavel/Documents/Unreal Projects/MatrixUnrealEngine/Content/Meshes/RU74/SK_RU74.uasset' failed to load '/Game/FPS_Assault_Pack/Materials/RU74/M_RU74_Mag': Can't find file.
[2020.05.27-06.02.24:002][487]LogLinker: Warning: While loading '../../../../../../Users/Pavel/Documents/Unreal Projects/MatrixUnrealEngine/Content/Meshes/RU74/SK_RU74.uasset' failed to load '/Game/FPS_Assault_Pack/Materials/RU74/M_RU74_Stock': Can't find file.
[2020.05.27-06.02.24:002][487]LoadErrors: Failed to load /Game/FPS_Assault_Pack/Materials/RU74/M_RU74_Stock.M_RU74_Stock Referenced by SK_RU74
[2020.05.27-06.02.24:002][487]LogLinker: Warning: While loading '../../../../../../Users/Pavel/Documents/Unreal Projects/MatrixUnrealEngine/Content/Meshes/RU74/SK_RU74.uasset' failed to load '/Game/FPS_Assault_Pack/Materials/RU74/M_RU74_Stock': Can't find file.
[2020.05.27-06.02.24:045][487]LogLinker: Warning: While loading '../../../../../../Users/Pavel/Documents/Unreal Projects/MatrixUnrealEngine/Content/Meshes/Rifle/SK_Rifle.uasset' failed to load '/Game/FPS_Assault_Pack/Meshes/Rifle/SK_Rifle_Skeleton': Can't find file.
[2020.05.27-06.02.24:045][487]LoadErrors: Failed to load /Game/FPS_Assault_Pack/Meshes/Rifle/SK_Rifle_Skeleton.SK_Rifle_Skeleton Referenced by SK_Rifle
[2020.05.27-06.02.24:045][487]LogLinker: Warning: While loading '../../../../../../Users/Pavel/Documents/Unreal Projects/MatrixUnrealEngine/Content/Meshes/Rifle/SK_Rifle.uasset' failed to load '/Game/FPS_Assault_Pack/Meshes/Rifle/SK_Rifle_Skeleton': Can't find file.
[2020.05.27-06.02.24:046][487]LogLinker: Warning: While loading '../../../../../../Users/Pavel/Documents/Unreal Projects/MatrixUnrealEngine/Content/Meshes/Rifle/SK_Rifle.uasset' failed to load '/Game/FPS_Assault_Pack/Meshes/Rifle/SK_Rifle_PhysicsAsset': Can't find file.
[2020.05.27-06.02.24:046][487]LoadErrors: Failed to load /Game/FPS_Assault_Pack/Meshes/Rifle/SK_Rifle_PhysicsAsset.SK_Rifle_PhysicsAsset Referenced by SK_Rifle
[2020.05.27-06.02.24:046][487]LogLinker: Warning: While loading '../../../../../../Users/Pavel/Documents/Unreal Projects/MatrixUnrealEngine/Content/Meshes/Rifle/SK_Rifle.uasset' failed to load '/Game/FPS_Assault_Pack/Meshes/Rifle/SK_Rifle_PhysicsAsset': Can't find file.
[2020.05.27-06.02.24:046][487]LogLinker: Warning: While loading '../../../../../../Users/Pavel/Documents/Unreal Projects/MatrixUnrealEngine/Content/Meshes/Rifle/SK_Rifle.uasset' failed to load '/Game/FPS_Assault_Pack/Materials/Rifle/M_Rifle': Can't find file.
[2020.05.27-06.02.24:046][487]LoadErrors: Failed to load /Game/FPS_Assault_Pack/Materials/Rifle/M_Rifle.M_Rifle Referenced by SK_Rifle
[2020.05.27-06.02.24:047][487]LogLinker: Warning: While loading '../../../../../../Users/Pavel/Documents/Unreal Projects/MatrixUnrealEngine/Content/Meshes/Rifle/SK_Rifle.uasset' failed to load '/Game/FPS_Assault_Pack/Materials/Rifle/M_Rifle': Can't find file.
[2020.05.27-06.02.24:047][487]LogLinker: Warning: While loading '../../../../../../Users/Pavel/Documents/Unreal Projects/MatrixUnrealEngine/Content/Meshes/Rifle/SK_Rifle.uasset' failed to load '/Game/FPS_Assault_Pack/Materials/Rifle/M_Rifle_Carry': Can't find file.
[2020.05.27-06.02.24:047][487]LoadErrors: Failed to load /Game/FPS_Assault_Pack/Materials/Rifle/M_Rifle_Carry.M_Rifle_Carry Referenced by SK_Rifle
[2020.05.27-06.02.24:047][487]LogLinker: Warning: While loading '../../../../../../Users/Pavel/Documents/Unreal Projects/MatrixUnrealEngine/Content/Meshes/Rifle/SK_Rifle.uasset' failed to load '/Game/FPS_Assault_Pack/Materials/Rifle/M_Rifle_Carry': Can't find file.
[2020.05.27-06.02.24:048][487]LogLinker: Warning: While loading '../../../../../../Users/Pavel/Documents/Unreal Projects/MatrixUnrealEngine/Content/Meshes/Rifle/SK_Rifle.uasset' failed to load '/Game/FPS_Assault_Pack/Materials/Rifle/M_Rifle_Furniture': Can't find file.
[2020.05.27-06.02.24:048][487]LoadErrors: Failed to load /Game/FPS_Assault_Pack/Materials/Rifle/M_Rifle_Furniture.M_Rifle_Furniture Referenced by SK_Rifle
[2020.05.27-06.02.24:048][487]LogLinker: Warning: While loading '../../../../../../Users/Pavel/Documents/Unreal Projects/MatrixUnrealEngine/Content/Meshes/Rifle/SK_Rifle.uasset' failed to load '/Game/FPS_Assault_Pack/Materials/Rifle/M_Rifle_Furniture': Can't find file.
[2020.05.27-06.02.24:167][487]LogLinker: Warning: While loading '../../../../../../Users/Pavel/Documents/Unreal Projects/MatrixUnrealEngine/Content/Meshes/Colt-python/Colt_Python.uasset' failed to load '/Game/Meshes/colt_python/Colt_Python1': Can't find file.
[2020.05.27-06.02.24:168][487]LoadErrors: Failed to load /Game/Meshes/colt_python/Colt_Python1.Colt_Python1 Referenced by Colt_Python
[2020.05.27-06.02.24:168][487]LogLinker: Warning: While loading '../../../../../../Users/Pavel/Documents/Unreal Projects/MatrixUnrealEngine/Content/Meshes/Colt-python/Colt_Python.uasset' failed to load '/Game/Meshes/colt_python/Colt_Python1': Can't find file.
[2020.05.27-06.02.24:168][487]LogLinker: Warning: While loading '../../../../../../Users/Pavel/Documents/Unreal Projects/MatrixUnrealEngine/Content/Meshes/Colt-python/Colt_Python.uasset' failed to load '/Game/Meshes/colt_python/Colt_Python1': Can't find file.
[2020.05.27-06.02.24:168][487]LogLinker: Warning: While loading '../../../../../../Users/Pavel/Documents/Unreal Projects/MatrixUnrealEngine/Content/Meshes/Colt-python/Colt_Python.uasset' failed to load '/Game/Meshes/colt_python/Colt_Python1': Can't find file.
[2020.05.27-06.02.24:454][487]LogStaticMesh: Building static mesh SM_Shuriken_01...
[2020.05.27-06.02.24:509][487]LogStaticMesh: Built static mesh [0.06s] /Game/Meshes/MeleeWeapons/Meshes/SM_Shuriken_01.SM_Shuriken_01
[2020.05.27-06.02.24:532][487]LogStaticMesh: Building static mesh SM_PipeWrench_01...
[2020.05.27-06.02.25:056][487]LogStaticMesh: Built static mesh [0.52s] /Game/Meshes/MeleeWeapons/Meshes/SM_PipeWrench_01.SM_PipeWrench_01
[2020.05.27-06.02.25:090][487]LogStaticMesh: Building static mesh SM_Kunai_01...
[2020.05.27-06.02.25:210][487]LogStaticMesh: Built static mesh [0.12s] /Game/Meshes/MeleeWeapons/Meshes/SM_Kunai_01.SM_Kunai_01
[2020.05.27-06.02.25:230][487]LogStaticMesh: Building static mesh SM_Crowbar_01...
[2020.05.27-06.02.25:289][487]LogStaticMesh: Built static mesh [0.06s] /Game/Meshes/MeleeWeapons/Meshes/SM_Crowbar_01.SM_Crowbar_01
[2020.05.27-06.02.25:310][487]LogStaticMesh: Building static mesh SM_Cleaver_01...
[2020.05.27-06.02.25:386][487]LogStaticMesh: Built static mesh [0.08s] /Game/Meshes/MeleeWeapons/Meshes/SM_Cleaver_01.SM_Cleaver_01
[2020.05.27-06.02.25:405][487]LogStaticMesh: Building static mesh SM_Bayonet_01...
[2020.05.27-06.02.25:741][487]LogStaticMesh: Built static mesh [0.34s] /Game/Meshes/MeleeWeapons/Meshes/SM_Bayonet_01.SM_Bayonet_01
[2020.05.27-06.02.25:777][487]LogStaticMesh: Building static mesh SM_BaseballBat_01...
[2020.05.27-06.02.25:846][487]LogStaticMesh: Built static mesh [0.07s] /Game/Meshes/MeleeWeapons/Meshes/SM_BaseballBat_01.SM_BaseballBat_01
[2020.05.27-06.02.25:862][487]LogStaticMesh: Building static mesh SM_Axe_01...
[2020.05.27-06.02.26:053][487]LogStaticMesh: Built static mesh [0.19s] /Game/Meshes/MeleeWeapons/Meshes/SM_Axe_01.SM_Axe_01
[2020.05.27-06.02.26:323][487]LogAIModule: Creating AISystem for world Stockroom
[2020.05.27-06.02.26:341][487]LogAssetEditorSubsystem: Opening Asset editor for World /Game/Maps/Stockroom.Stockroom
[2020.05.27-06.02.26:509][487]LogUObjectHash: Compacting FUObjectHashTables data took   3.22ms
[2020.05.27-06.02.26:515][487]Cmd: MAP LOAD FILE="../../../../../../Users/Pavel/Documents/Unreal Projects/MatrixUnrealEngine/Content/Maps/Stockroom.umap" TEMPLATE=0 SHOWPROGRESS=1 FEATURELEVEL=3
[2020.05.27-06.02.26:515][487]LightingResults: New page: Lighting Build
[2020.05.27-06.02.26:516][487]LoadErrors: New page: Loading map: Stockroom.umap
[2020.05.27-06.02.26:516][487]LogWorld: UWorld::CleanupWorld for ThirdPersonExampleMap, bSessionEnded=true, bCleanupResources=true
[2020.05.27-06.02.26:516][487]LogSlate: InvalidateAllWidgets triggered.  All widgets were invalidated
[2020.05.27-06.02.26:516][487]MapCheck: New page: Map Check
[2020.05.27-06.02.26:516][487]LightingResults: New page: Lighting Build
[2020.05.27-06.02.26:564][487]LogUObjectHash: Compacting FUObjectHashTables data took   2.64ms
[2020.05.27-06.02.26:590][487]LogEditorServer: Finished looking for orphan Actors (0.000 secs)
[2020.05.27-06.02.26:802][487]LogUObjectHash: Compacting FUObjectHashTables data took   2.32ms
[2020.05.27-06.02.26:824][487]Cmd: MAP CHECKDEP NOCLEARLOG
[2020.05.27-06.02.26:824][487]MapCheck: Map check complete: 0 Error(s), 0 Warning(s), took 0.211ms to complete.
[2020.05.27-06.02.26:824][487]LogFileHelpers: Loading map 'Stockroom' took 0.310
[2020.05.27-06.02.32:362][704]LogUObjectHash: Compacting FUObjectHashTables data took   0.94ms
[2020.05.27-06.02.36:383][704]LogSlate: Window 'Delete Assets' being destroyed
[2020.05.27-06.02.36:541][704]LogUObjectHash: Compacting FUObjectHashTables data took   1.52ms
[2020.05.27-06.02.36:572][704]LogUObjectHash: Compacting FUObjectHashTables data took   0.80ms
[2020.05.27-06.02.36:600][704]LogUObjectHash: Compacting FUObjectHashTables data took   0.75ms
[2020.05.27-06.02.36:630][704]LogUObjectHash: Compacting FUObjectHashTables data took   0.79ms
[2020.05.27-06.02.36:660][704]LogUObjectHash: Compacting FUObjectHashTables data took   0.81ms
[2020.05.27-06.02.36:691][704]LogUObjectHash: Compacting FUObjectHashTables data took   0.77ms
[2020.05.27-06.02.36:722][704]LogUObjectHash: Compacting FUObjectHashTables data took   0.79ms
[2020.05.27-06.02.36:757][704]LogUObjectHash: Compacting FUObjectHashTables data took   0.78ms
[2020.05.27-06.02.36:789][704]LogUObjectHash: Compacting FUObjectHashTables data took   0.77ms
[2020.05.27-06.02.36:819][704]LogUObjectHash: Compacting FUObjectHashTables data took   0.79ms
[2020.05.27-06.02.36:855][704]LogUObjectHash: Compacting FUObjectHashTables data took   1.23ms
[2020.05.27-06.02.36:888][704]LogUObjectHash: Compacting FUObjectHashTables data took   0.83ms
[2020.05.27-06.02.41:078][822]LogUObjectHash: Compacting FUObjectHashTables data took   1.31ms
[2020.05.27-06.02.41:332][822]LogSavePackage: Moving '../../../../../../Users/Pavel/Documents/Unreal Projects/MatrixUnrealEngine/Saved/Stockroom7E9D71C14B6EA8923CD5699804573538.tmp' to '../../../../../../Users/Pavel/Documents/Unreal Projects/MatrixUnrealEngine/Content/Maps/Stockroom.umap'
[2020.05.27-06.02.41:361][822]Cmd: OBJ SAVEPACKAGE PACKAGE="/Game/Maps/Stockroom_BuiltData" FILE="../../../../../../Users/Pavel/Documents/Unreal Projects/MatrixUnrealEngine/Content/Maps/Stockroom_BuiltData.uasset" SILENT=true
[2020.05.27-06.02.41:475][822]LogSavePackage: Moving '../../../../../../Users/Pavel/Documents/Unreal Projects/MatrixUnrealEngine/Saved/Stockroom_BuiltData54AF780943ACC229C22776A7F1A08E68.tmp' to '../../../../../../Users/Pavel/Documents/Unreal Projects/MatrixUnrealEngine/Content/Maps/Stockroom_BuiltData.uasset'
[2020.05.27-06.02.41:495][822]AssetCheck: New page: Asset Save: multiple assets
[2020.05.27-06.02.41:495][822]LogContentValidation: Display: Validating World /Game/Maps/Stockroom.Stockroom
[2020.05.27-06.02.41:495][822]LogContentValidation: Display: Validating MapBuildDataRegistry /Game/Maps/Stockroom_BuiltData.Stockroom_BuiltData
[2020.05.27-06.02.46:968][ 37]LogEditorViewport: Clicking on Actor (LMB): StaticMeshActor (SM_Cleaver_01)
[2020.05.27-06.02.47:995][ 57]Cmd: SELECT NONE
[2020.05.27-06.02.49:401][ 96]LogUObjectHash: Compacting FUObjectHashTables data took   1.28ms
[2020.05.27-06.02.49:607][ 96]LogSavePackage: Moving '../../../../../../Users/Pavel/Documents/Unreal Projects/MatrixUnrealEngine/Saved/Stockroom853FC846452FCE0BB45C3EA6A0F2883E.tmp' to '../../../../../../Users/Pavel/Documents/Unreal Projects/MatrixUnrealEngine/Content/Maps/Stockroom.umap'
[2020.05.27-06.02.49:635][ 96]Cmd: OBJ SAVEPACKAGE PACKAGE="/Game/Maps/Stockroom_BuiltData" FILE="../../../../../../Users/Pavel/Documents/Unreal Projects/MatrixUnrealEngine/Content/Maps/Stockroom_BuiltData.uasset" SILENT=true
[2020.05.27-06.02.49:712][ 96]LogSavePackage: Moving '../../../../../../Users/Pavel/Documents/Unreal Projects/MatrixUnrealEngine/Saved/Stockroom_BuiltDataAEB0F8154D9124D5071F2AA45EAEB66E.tmp' to '../../../../../../Users/Pavel/Documents/Unreal Projects/MatrixUnrealEngine/Content/Maps/Stockroom_BuiltData.uasset'
[2020.05.27-06.02.49:732][ 96]AssetCheck: New page: Asset Save: multiple assets
[2020.05.27-06.02.49:732][ 96]LogContentValidation: Display: Validating World /Game/Maps/Stockroom.Stockroom
[2020.05.27-06.02.49:732][ 96]LogContentValidation: Display: Validating MapBuildDataRegistry /Game/Maps/Stockroom_BuiltData.Stockroom_BuiltData
[2020.05.27-06.02.50:960][136]LogTemp: Repeating last play command: Selected Viewport
[2020.05.27-06.02.50:978][136]LogPlayLevel: PlayLevel: No blueprints needed recompiling
[2020.05.27-06.02.50:978][136]PIE: New page: PIE session: Stockroom (May 27, 2020, 12:02:50 PM)
[2020.05.27-06.02.50:980][136]LogOnline: OSS: Creating online subsystem instance for: NULL
[2020.05.27-06.02.50:982][136]LogOnline: OSS: TryLoadSubsystemAndSetDefault: Loaded subsystem for module [NULL]
[2020.05.27-06.02.50:982][136]LogPlayLevel: Creating play world package: /Game/Maps/UEDPIE_0_Stockroom
[2020.05.27-06.02.51:023][136]LogPlayLevel: PIE: StaticDuplicateObject took: (0.041289s)
[2020.05.27-06.02.51:025][136]LogAIModule: Creating AISystem for world Stockroom
[2020.05.27-06.02.51:025][136]LogPlayLevel: PIE: World Init took: (0.001928s)
[2020.05.27-06.02.51:025][136]LogPlayLevel: PIE: Created PIE world by copying editor world from /Game/Maps/Stockroom.Stockroom to /Game/Maps/UEDPIE_0_Stockroom.Stockroom (0.043805s)
[2020.05.27-06.02.51:076][136]LogUObjectHash: Compacting FUObjectHashTables data took   2.60ms
[2020.05.27-06.02.51:079][136]LogAudioMixer: Display: Audio Mixer Platform Settings:
[2020.05.27-06.02.51:079][136]LogAudioMixer: Display: 	Sample Rate:						  48000
[2020.05.27-06.02.51:079][136]LogAudioMixer: Display: 	Callback Buffer Frame Size Requested: 1024
[2020.05.27-06.02.51:079][136]LogAudioMixer: Display: 	Callback Buffer Frame Size To Use:	  1024
[2020.05.27-06.02.51:079][136]LogAudioMixer: Display: 	Number of buffers to queue:			  2
[2020.05.27-06.02.51:079][136]LogAudioMixer: Display: 	Max Channels (voices):				  32
[2020.05.27-06.02.51:079][136]LogAudioMixer: Display: 	Number of Async Source Workers:		  0
[2020.05.27-06.02.51:079][136]LogAudio: Display: AudioDevice MaxSources: 32
[2020.05.27-06.02.51:080][136]LogAudio: Display: Using built-in audio occlusion.
[2020.05.27-06.02.51:080][136]LogAudioMixer: Display: Initializing audio mixer.
[2020.05.27-06.02.51:114][136]LogAudioMixer: Display: Audio Device Output Speaker Info:
[2020.05.27-06.02.51:114][136]LogAudioMixer: Display: Name: Speaker/HP (Realtek High Definition Audio(SST))
[2020.05.27-06.02.51:114][136]LogAudioMixer: Display: Is Default: Yes
[2020.05.27-06.02.51:114][136]LogAudioMixer: Display: Sample Rate: 48000
[2020.05.27-06.02.51:114][136]LogAudioMixer: Display: Channel Count Used: 2
[2020.05.27-06.02.51:114][136]LogAudioMixer: Display: Device Channel Count: 2
[2020.05.27-06.02.51:114][136]LogAudioMixer: Display: Channel Order:
[2020.05.27-06.02.51:114][136]LogAudioMixer: Display: 0: FrontLeft
[2020.05.27-06.02.51:114][136]LogAudioMixer: Display: 1: FrontRight
[2020.05.27-06.02.51:142][136]LogAudioMixer: Display: Using Audio Device Speaker/HP (Realtek High Definition Audio(SST))
[2020.05.27-06.02.51:146][136]LogInit: FAudioDevice initialized.
[2020.05.27-06.02.51:169][136]LogLoad: Game class is 'ThirdPersonGameMode_C'
[2020.05.27-06.02.51:197][136]LogWorld: Bringing World /Game/Maps/UEDPIE_0_Stockroom.Stockroom up for play (max tick rate 60) at 2020.05.27-09.02.51
[2020.05.27-06.02.51:198][136]LogWorld: Bringing up level for play took: 0.027023
[2020.05.27-06.02.51:198][136]LogOnline: OSS: Creating online subsystem instance for: :Context_4
[2020.05.27-06.02.51:204][136]LogContentBrowser: Native class hierarchy updated for 'MovieSceneCapture' in 0.0007 seconds. Added 20 classes and 0 folders.
[2020.05.27-06.02.51:209][136]PIE: Play in editor start time for /Game/Maps/UEDPIE_0_Stockroom -0.732
[2020.05.27-06.02.53:458][240]LogAudioMixer: Display: No commands were queued while flushing the source manager.
[2020.05.27-06.02.53:459][240]LogAudioMixer: Display: No commands were queued while flushing the source manager.
[2020.05.27-06.02.53:459][240]LogSlate: Updating window title bar state: overlay mode, drag disabled, window buttons hidden, title bar hidden
[2020.05.27-06.02.53:459][240]LogWorld: BeginTearingDown for /Game/Maps/UEDPIE_0_Stockroom
[2020.05.27-06.02.53:459][240]LogAudioMixer: Display: No commands were queued while flushing the source manager.
[2020.05.27-06.02.53:460][240]LogWorld: UWorld::CleanupWorld for Stockroom, bSessionEnded=true, bCleanupResources=true
[2020.05.27-06.02.53:465][240]LogSlate: InvalidateAllWidgets triggered.  All widgets were invalidated
[2020.05.27-06.02.53:513][240]LogPlayLevel: Display: Shutting down PIE online subsystems
[2020.05.27-06.02.53:521][240]LogSlate: InvalidateAllWidgets triggered.  All widgets were invalidated
[2020.05.27-06.02.53:575][240]LogAudioMixer: Display: No commands were queued while flushing the source manager.
[2020.05.27-06.02.53:581][240]LogSlate: Updating window title bar state: overlay mode, drag disabled, window buttons hidden, title bar hidden
[2020.05.27-06.02.53:590][240]LogUObjectHash: Compacting FUObjectHashTables data took   3.94ms
[2020.05.27-06.02.53:628][241]LogPlayLevel: Display: Destroying online subsystem :Context_4
